рҹҡҖ Starting Wiggum Worker for: tact-ai
рҹ“Қ Project Path: /home/julien/Desktop/Free-Wiggum-opencode/projects/tact-ai
вҸ° Started at: Thu Mar 12 09:29:53 PM EDT 2026
вҡЎ Token Budget: 64000
в”Ғв”Ғв”Ғв”Ғв”Ғв”Ғв”Ғв”Ғв”Ғв”Ғв”Ғв”Ғв”Ғв”Ғв”Ғв”Ғв”Ғв”Ғв”Ғв”Ғв”Ғв”Ғв”Ғв”Ғв”Ғв”Ғв”Ғв”Ғв”Ғв”Ғв”Ғв”Ғв•җв•җв•җв•җ

рҹ“Қ Iteration 182 at Thu Mar 12 09:29:53 PM EDT 2026...
рҹӨ– OpenCode processing: **Develop real-time updates (optional)**: Add FastAPI WebSocket endpoint and React Socket.IO client to push schedule changes and conflict alerts to connected users.
[0m
> build В· stepfun/step-3.5-flash:free
[0m
[91m[1mError: [0mUser not found.
рҹ“қ Log saved: logs/iteration-182.md
рҹ“Ҡ Token Usage: 2500 / Session: 2500 / 64000
вң… Changes committed
To https://github.com/Julien-ser/tact-ai.git
   df66980..411fee0  main -> main
вң… Pushed to GitHub
рҹ“Ҡ Updated Tasks: 10/15 completed, 5 remaining
   Next task: **Develop real-time updates (optional)**: Add FastAPI WebSoc...
рҹ“Қ Iteration 183 at Thu Mar 12 09:29:59 PM EDT 2026...
вң“ Progress: Git commit found
рҹ“Ҡ Task attempt 2: Progress detected, continuing...
рҹ“ҡ Loading context from previous iteration attempts...
рҹӨ– OpenCode processing: **Develop real-time updates (optional)**: Add FastAPI WebSocket endpoint and React Socket.IO client to push schedule changes and conflict alerts to connected users.
[0m
> build В· stepfun/step-3.5-flash:free
[0m
[91m[1mError: [0mUser not found.
рҹ“қ Log saved: logs/iteration-183.md
рҹ“Ҡ Token Usage: 2500 / Session: 5000 / 64000
вң… Changes committed
To https://github.com/Julien-ser/tact-ai.git
   411fee0..f481869  main -> main
вң… Pushed to GitHub
рҹ“Ҡ Updated Tasks: 10/15 completed, 5 remaining
   Next task: **Develop real-time updates (optional)**: Add FastAPI WebSoc...
рҹ“Қ Iteration 184 at Thu Mar 12 09:30:05 PM EDT 2026...
вң“ Progress: Git commit found
рҹ“Ҡ Task attempt 3: Progress detected, continuing...
рҹ“ҡ Loading context from previous iteration attempts...
рҹӨ– OpenCode processing: **Develop real-time updates (optional)**: Add FastAPI WebSocket endpoint and React Socket.IO client to push schedule changes and conflict alerts to connected users.
[0m
> build В· stepfun/step-3.5-flash:free
[0m
[91m[1mError: [0mUser not found.
рҹ“қ Log saved: logs/iteration-184.md
рҹ“Ҡ Token Usage: 2500 / Session: 7500 / 64000
вң… Changes committed
To https://github.com/Julien-ser/tact-ai.git
   f481869..ccc6195  main -> main
вң… Pushed to GitHub
рҹ“Ҡ Updated Tasks: 10/15 completed, 5 remaining
   Next task: **Develop real-time updates (optional)**: Add FastAPI WebSoc...
рҹ“Қ Iteration 185 at Thu Mar 12 09:30:11 PM EDT 2026...
вң“ Progress: Git commit found
рҹ“Ҡ Task attempt 4: Progress detected, continuing...
рҹ“ҡ Loading context from previous iteration attempts...
рҹӨ– OpenCode processing: **Develop real-time updates (optional)**: Add FastAPI WebSocket endpoint and React Socket.IO client to push schedule changes and conflict alerts to connected users.
[0m
> build В· stepfun/step-3.5-flash:free
[0m
[91m[1mError: [0mUser not found.
рҹ“қ Log saved: logs/iteration-185.md
рҹ“Ҡ Token Usage: 2500 / Session: 10000 / 64000
вң… Changes committed
To https://github.com/Julien-ser/tact-ai.git
   ccc6195..9c7c0e8  main -> main
вң… Pushed to GitHub
рҹ“Ҡ Updated Tasks: 10/15 completed, 5 remaining
   Next task: **Develop real-time updates (optional)**: Add FastAPI WebSoc...
рҹ“Қ Iteration 186 at Thu Mar 12 09:30:17 PM EDT 2026...
вң“ Progress: Git commit found
рҹ“Ҡ Task attempt 5: Progress detected, continuing...
рҹ“ҡ Loading context from previous iteration attempts...
рҹӨ– OpenCode processing: **Develop real-time updates (optional)**: Add FastAPI WebSocket endpoint and React Socket.IO client to push schedule changes and conflict alerts to connected users.
[0m
> build В· stepfun/step-3.5-flash:free
[0m
[91m[1mError: [0mUser not found.
рҹ“қ Log saved: logs/iteration-186.md
рҹ“Ҡ Token Usage: 2500 / Session: 12500 / 64000
вң… Changes committed
To https://github.com/Julien-ser/tact-ai.git
   9c7c0e8..a18f87f  main -> main
вң… Pushed to GitHub
рҹ“Ҡ Updated Tasks: 10/15 completed, 5 remaining
   Next task: **Develop real-time updates (optional)**: Add FastAPI WebSoc...
рҹ“Қ Iteration 187 at Thu Mar 12 09:30:23 PM EDT 2026...
вң“ Progress: Git commit found
рҹ“Ҡ Task attempt 6: Progress detected, continuing...
рҹ“ҡ Loading context from previous iteration attempts...
рҹӨ– OpenCode processing: **Develop real-time updates (optional)**: Add FastAPI WebSocket endpoint and React Socket.IO client to push schedule changes and conflict alerts to connected users.
[0m
> build В· stepfun/step-3.5-flash:free
[0m
[91m[1mError: [0mUser not found.
рҹ“қ Log saved: logs/iteration-187.md
рҹ“Ҡ Token Usage: 2500 / Session: 15000 / 64000
вң… Changes committed
To https://github.com/Julien-ser/tact-ai.git
   a18f87f..6536fff  main -> main
вң… Pushed to GitHub
рҹ“Ҡ Updated Tasks: 10/15 completed, 5 remaining
   Next task: **Develop real-time updates (optional)**: Add FastAPI WebSoc...
рҹ“Қ Iteration 188 at Thu Mar 12 09:30:29 PM EDT 2026...
вң“ Progress: Git commit found
рҹ“Ҡ Task attempt 7: Progress detected, continuing...
рҹ“ҡ Loading context from previous iteration attempts...
рҹӨ– OpenCode processing: **Develop real-time updates (optional)**: Add FastAPI WebSocket endpoint and React Socket.IO client to push schedule changes and conflict alerts to connected users.
[0m
> build В· stepfun/step-3.5-flash:free
[0m
[91m[1mError: [0mUser not found.
рҹ“қ Log saved: logs/iteration-188.md
рҹ“Ҡ Token Usage: 2500 / Session: 17500 / 64000
