🚀 Starting Wiggum Worker for: tact-ai
📍 Project Path: /home/julien/Desktop/Free-Wiggum-opencode/projects/tact-ai
⏰ Started at: Thu Mar 12 05:16:02 PM EDT 2026
⚡ Token Budget: 64000
━━━━━━━━━━━━━━━━━━━━━━━━━━━━━━━━════

📍 Iteration 21 at Thu Mar 12 05:16:02 PM EDT 2026...
🤖 OpenCode processing: **Design and implement database schema**: Write Alembic migrations for tables: `users`, `tasks`, `task_chains`, `timelines`, `time_blocks`. Create ER diagram in `docs/database.md`.
[0m
> build · stepfun/step-3.5-flash:free
[0m
I'll help you design and implement the database schema for the tact-ai project. Let me start by exploring the current structure and then create the Alembic migrations and documentation.
[0m→ [0mRead .
[0m
[0m$ [0mfind . -type f -name "*.py" -o -name "*.md" -o -name "*.toml" -o -name "*.txt" | head -20
./TASKS.md
./docs/architecture.md
./shared/schemas.py
./backend/main.py
./backend/database/__init__.py
./backend/config.py
./backend/models/task.py
./backend/models/__init__.py
./backend/models/timeline_task.py
./backend/models/timeline.py
./backend/models/time_block.py
./backend/models/user.py
./backend/models/task_chain.py
./requirements.txt
./README.md
./prompt.txt
./logs/iteration-17.md
./logs/iteration-9.md
./logs/iteration-12.md
./logs/iteration-3.md
[0m
[0m→ [0mRead backend/models
[0m
[0m$ [0mls -la backend/
total 40
drwxr-xr-x  8 julien julien 4096 Mar 12 16:54 .
drwxr-xr-x 12 julien julien 4096 Mar 12 16:56 ..
drwxr-xr-x  2 julien julien 4096 Mar 12 16:53 ai
-rw-r--r--  1 julien julien  644 Mar 12 16:53 config.py
drwxr-xr-x  2 julien julien 4096 Mar 12 16:53 core
drwxr-xr-x  2 julien julien 4096 Mar 12 17:00 database
-rw-r--r--  1 julien julien  929 Mar 12 16:54 main.py
drwxr-xr-x  2 julien julien 4096 Mar 12 17:01 models
drwxr-xr-x  2 julien julien 4096 Mar 12 16:53 routers
drwxr-xr-x  2 julien julien 4096 Mar 12 16:53 scheduler
[0m
[0m→ [0mRead requirements.txt
Let me examine the existing structure more closely:
Let me examine the existing models to understand the current schema:
[0m→ [0mRead backend/models/user.py
[0m→ [0mRead backend/models/task.py
[0m→ [0mRead backend/models/task_chain.py
[0m→ [0mRead backend/models/timeline.py
[0m→ [0mRead backend/models/time_block.py
[0m→ [0mRead backend/models/timeline_task.py
[0m
[0m$ [0mls -la backend/database/
total 12
drwxr-xr-x 2 julien julien 4096 Mar 12 17:00 .
drwxr-xr-x 8 julien julien 4096 Mar 12 16:54 ..
-rw-r--r-- 1 julien julien  491 Mar 12 17:00 __init__.py
[0m
[0m$ [0mfind . -name "alembic.ini" -o -name "alembic" -type d
[0m→ [0mRead backend/database/__init__.py
Now let me check the database configuration and Alembic setup:
[0m→ [0mRead backend/config.py
[0m→ [0mRead pyproject.toml
Let me check the config file and see if there's any existing alembic setup:
📝 Log saved: logs/iteration-21.md
📊 Token Usage: 3000 / Session: 3000 / 64000
