рҹҡҖ Starting Wiggum Worker for: tact-ai
рҹ“Қ Project Path: /home/julien/Desktop/Free-Wiggum-opencode/projects/tact-ai
вҸ° Started at: Thu Mar 12 09:26:57 PM EDT 2026
вҡЎ Token Budget: 64000
в”Ғв”Ғв”Ғв”Ғв”Ғв”Ғв”Ғв”Ғв”Ғв”Ғв”Ғв”Ғв”Ғв”Ғв”Ғв”Ғв”Ғв”Ғв”Ғв”Ғв”Ғв”Ғв”Ғв”Ғв”Ғв”Ғв”Ғв”Ғв”Ғв”Ғв”Ғв”Ғв•җв•җв•җв•җ

рҹ“Қ Iteration 159 at Thu Mar 12 09:26:57 PM EDT 2026...
рҹӨ– OpenCode processing: **Develop real-time updates (optional)**: Add FastAPI WebSocket endpoint and React Socket.IO client to push schedule changes and conflict alerts to connected users.
[0m
> build В· stepfun/step-3.5-flash:free
[0m
[91m[1mError: [0mUser not found.
рҹ“қ Log saved: logs/iteration-159.md
рҹ“Ҡ Token Usage: 2500 / Session: 2500 / 64000
вң… Changes committed
To https://github.com/Julien-ser/tact-ai.git
   c852d6e..4dc6138  main -> main
вң… Pushed to GitHub
рҹ“Ҡ Updated Tasks: 10/15 completed, 5 remaining
   Next task: **Develop real-time updates (optional)**: Add FastAPI WebSoc...
рҹ“Қ Iteration 160 at Thu Mar 12 09:27:02 PM EDT 2026...
вң“ Progress: Git commit found
рҹ“Ҡ Task attempt 2: Progress detected, continuing...
рҹ“ҡ Loading context from previous iteration attempts...
рҹӨ– OpenCode processing: **Develop real-time updates (optional)**: Add FastAPI WebSocket endpoint and React Socket.IO client to push schedule changes and conflict alerts to connected users.
[0m
> build В· stepfun/step-3.5-flash:free
[0m
[91m[1mError: [0mUser not found.
рҹ“қ Log saved: logs/iteration-160.md
рҹ“Ҡ Token Usage: 2500 / Session: 5000 / 64000
вң… Changes committed
To https://github.com/Julien-ser/tact-ai.git
   4dc6138..679e3e1  main -> main
вң… Pushed to GitHub
рҹ“Ҡ Updated Tasks: 10/15 completed, 5 remaining
   Next task: **Develop real-time updates (optional)**: Add FastAPI WebSoc...
рҹ“Қ Iteration 161 at Thu Mar 12 09:27:08 PM EDT 2026...
вң“ Progress: Git commit found
рҹ“Ҡ Task attempt 3: Progress detected, continuing...
рҹ“ҡ Loading context from previous iteration attempts...
рҹӨ– OpenCode processing: **Develop real-time updates (optional)**: Add FastAPI WebSocket endpoint and React Socket.IO client to push schedule changes and conflict alerts to connected users.
[0m
> build В· stepfun/step-3.5-flash:free
[0m
[91m[1mError: [0mUser not found.
рҹ“қ Log saved: logs/iteration-161.md
рҹ“Ҡ Token Usage: 2500 / Session: 7500 / 64000
вң… Changes committed
To https://github.com/Julien-ser/tact-ai.git
   679e3e1..2faf3d6  main -> main
вң… Pushed to GitHub
рҹ“Ҡ Updated Tasks: 10/15 completed, 5 remaining
   Next task: **Develop real-time updates (optional)**: Add FastAPI WebSoc...
рҹ“Қ Iteration 162 at Thu Mar 12 09:27:14 PM EDT 2026...
вң“ Progress: Git commit found
рҹ“Ҡ Task attempt 4: Progress detected, continuing...
рҹ“ҡ Loading context from previous iteration attempts...
рҹӨ– OpenCode processing: **Develop real-time updates (optional)**: Add FastAPI WebSocket endpoint and React Socket.IO client to push schedule changes and conflict alerts to connected users.
[0m
> build В· stepfun/step-3.5-flash:free
[0m
[91m[1mError: [0mUser not found.
рҹ“қ Log saved: logs/iteration-162.md
рҹ“Ҡ Token Usage: 2500 / Session: 10000 / 64000
вң… Changes committed
To https://github.com/Julien-ser/tact-ai.git
   2faf3d6..b1c629b  main -> main
вң… Pushed to GitHub
рҹ“Ҡ Updated Tasks: 10/15 completed, 5 remaining
   Next task: **Develop real-time updates (optional)**: Add FastAPI WebSoc...
рҹ“Қ Iteration 163 at Thu Mar 12 09:27:19 PM EDT 2026...
вң“ Progress: Git commit found
рҹ“Ҡ Task attempt 5: Progress detected, continuing...
рҹ“ҡ Loading context from previous iteration attempts...
рҹӨ– OpenCode processing: **Develop real-time updates (optional)**: Add FastAPI WebSocket endpoint and React Socket.IO client to push schedule changes and conflict alerts to connected users.
[0m
> build В· stepfun/step-3.5-flash:free
[0m
[91m[1mError: [0mUser not found.
рҹ“қ Log saved: logs/iteration-163.md
рҹ“Ҡ Token Usage: 2500 / Session: 12500 / 64000
вң… Changes committed
To https://github.com/Julien-ser/tact-ai.git
   b1c629b..08bc935  main -> main
вң… Pushed to GitHub
рҹ“Ҡ Updated Tasks: 10/15 completed, 5 remaining
   Next task: **Develop real-time updates (optional)**: Add FastAPI WebSoc...
рҹ“Қ Iteration 164 at Thu Mar 12 09:27:25 PM EDT 2026...
вң“ Progress: Git commit found
рҹ“Ҡ Task attempt 6: Progress detected, continuing...
рҹ“ҡ Loading context from previous iteration attempts...
рҹӨ– OpenCode processing: **Develop real-time updates (optional)**: Add FastAPI WebSocket endpoint and React Socket.IO client to push schedule changes and conflict alerts to connected users.
[0m
> build В· stepfun/step-3.5-flash:free
[0m
[91m[1mError: [0mUser not found.
рҹ“қ Log saved: logs/iteration-164.md
рҹ“Ҡ Token Usage: 2500 / Session: 15000 / 64000
вң… Changes committed
To https://github.com/Julien-ser/tact-ai.git
   08bc935..dfd03de  main -> main
вң… Pushed to GitHub
рҹ“Ҡ Updated Tasks: 10/15 completed, 5 remaining
   Next task: **Develop real-time updates (optional)**: Add FastAPI WebSoc...
рҹ“Қ Iteration 165 at Thu Mar 12 09:27:31 PM EDT 2026...
вң“ Progress: Git commit found
рҹ“Ҡ Task attempt 7: Progress detected, continuing...
рҹ“ҡ Loading context from previous iteration attempts...
рҹӨ– OpenCode processing: **Develop real-time updates (optional)**: Add FastAPI WebSocket endpoint and React Socket.IO client to push schedule changes and conflict alerts to connected users.
[0m
> build В· stepfun/step-3.5-flash:free
[0m
[91m[1mError: [0mUser not found.
рҹ“қ Log saved: logs/iteration-165.md
рҹ“Ҡ Token Usage: 2500 / Session: 17500 / 64000
