🚀 Starting Wiggum Worker for: tact-ai
📍 Project Path: /home/julien/Desktop/Free-Wiggum-opencode/projects/tact-ai
⏰ Started at: Thu Mar 12 09:35:37 PM EDT 2026
⚡ Token Budget: 64000
━━━━━━━━━━━━━━━━━━━━━━━━━━━━━━━━════

📍 Iteration 200 at Thu Mar 12 09:35:37 PM EDT 2026...
🤖 OpenCode processing: **Write comprehensive test suite**: Achieve >80% coverage for classifier, dependency resolver, scheduler, and conflict detection. Include integration tests for main API routes. Set up Codecov reporting.
[0m
> build · stepfun/step-3.5-flash:free
[0m
[0m→ [0mRead TASKS.md
[0m→ [0mRead README.md
[0m✱ [0mGlob "**/*.py"[90m 40 matches[0m
[0m✱ [0mGlob "backend/**/*.py"[90m 27 matches[0m
I'll start by exploring the codebase to understand the current structure and identify what components need testing. Then I'll create a comprehensive test suite with >80% coverage and set up Codecov reporting.
[0m→ [0mRead backend/scheduler/dependency.py
[0m→ [0mRead backend/ai/classifier.py
[0m→ [0mRead backend/scheduler/engine.py
[0m→ [0mRead backend/scheduler/conflicts.py
[0m→ [0mRead tests/unit/test_classifier.py
[0m→ [0mRead tests/unit/test_conflicts.py
[0m→ [0mRead tests/unit/test_engine.py
[0m→ [0mRead tests/unit/test_dependency.py
Let me check the integration tests and CI/CD configuration to understand what's already in place for coverage reporting.
[0m→ [0mRead tests/integration/test_auth.py
[0m→ [0mRead .github/workflows/ci.yml
[0m→ [0mRead tests/integration/test_websocket.py
[0m✱ [0mGlob ".github/workflows/*.yml"[90m 1 match[0m
📝 Log saved: logs/iteration-200.md
📊 Token Usage: 2750 / Session: 2750 / 64000
✅ Changes committed
To https://github.com/Julien-ser/tact-ai.git
   e399b43..e0d8785  main -> main
✅ Pushed to GitHub
📊 Updated Tasks: 10/14 completed, 4 remaining
   Next task: **Write comprehensive test suite**: Achieve >80% coverage fo...
📍 Iteration 201 at Thu Mar 12 09:36:27 PM EDT 2026...
✓ Progress: Git commit found
📊 Task attempt 2: Progress detected, continuing...
📚 Loading context from previous iteration attempts...
🤖 OpenCode processing: **Write comprehensive test suite**: Achieve >80% coverage for classifier, dependency resolver, scheduler, and conflict detection. Include integration tests for main API routes. Set up Codecov reporting.
[0m
> build · stepfun/step-3.5-flash:free
[0m
I'll help you complete the comprehensive test suite and set up Codecov reporting. Let me first explore the codebase to understand the structure and identify what needs to be tested.
[0m→ [0mRead TASKS.md
[0m→ [0mRead README.md
[0m✱ [0mGlob "**/*.py"[90m 40 matches[0m
Now let me check the existing test files to understand what's already covered and what needs to be added to achieve >80% coverage:
[0m→ [0mRead tests/unit/test_engine.py
[0m→ [0mRead tests/unit/test_dependency.py
[0m→ [0mRead tests/unit/test_classifier.py
[0m→ [0mRead tests/unit/test_conflicts.py
Now let me check the existing test files and look at the project configuration to understand the current test setup:
[0m→ [0mRead pyproject.toml
[0m→ [0mRead requirements.txt
[0m✱ [0mGlob ".github/workflows/*.yml"[90m 1 match[0m
Let me check the existing CI configuration and integration tests to understand what's already in place:
[0m→ [0mRead .github/workflows/ci.yml
[0m→ [0mRead tests/integration/test_websocket.py
[0m→ [0mRead tests/integration/test_auth.py
Good! I can see the CI already has Codecov integration. Now let me run the tests to see current coverage and identify what's missing:
[0m
[0m$ [0mpytest tests/ --cov=backend --cov-report=term --cov-report=html -v
============================= test session starts ==============================
platform linux -- Python 3.14.3, pytest-9.0.2, pluggy-1.6.0 -- /home/julien/Desktop/Free-Wiggum-opencode/venv/bin/python
cachedir: .pytest_cache
rootdir: /home/julien/Desktop/Free-Wiggum-opencode/projects/tact-ai
configfile: pyproject.toml
plugins: langsmith-0.7.16, anyio-4.12.1, asyncio-1.3.0, cov-7.0.0, dash-4.0.0
asyncio: mode=Mode.STRICT, debug=False, asyncio_default_fixture_loop_scope=None, asyncio_default_test_loop_scope=function
collecting ... collected 0 items / 9 errors

==================================== ERRORS ====================================
_______________ ERROR collecting tests/integration/test_auth.py ________________
ImportError while importing test module '/home/julien/Desktop/Free-Wiggum-opencode/projects/tact-ai/tests/integration/test_auth.py'.
Hint: make sure your test modules/packages have valid Python names.
Traceback:
../../venv/lib/python3.14/site-packages/_pytest/python.py:507: in importtestmodule
    mod = import_path(
../../venv/lib/python3.14/site-packages/_pytest/pathlib.py:587: in import_path
    importlib.import_module(module_name)
/usr/lib/python3.14/importlib/__init__.py:88: in import_module
    return _bootstrap._gcd_import(name[level:], package, level)
           ^^^^^^^^^^^^^^^^^^^^^^^^^^^^^^^^^^^^^^^^^^^^^^^^^^^^
<frozen importlib._bootstrap>:1398: in _gcd_import
    ???
<frozen importlib._bootstrap>:1371: in _find_and_load
    ???
<frozen importlib._bootstrap>:1342: in _find_and_load_unlocked
    ???
<frozen importlib._bootstrap>:938: in _load_unlocked
    ???
../../venv/lib/python3.14/site-packages/_pytest/assertion/rewrite.py:197: in exec_module
    exec(co, module.__dict__)
tests/integration/test_auth.py:12: in <module>
    from backend.database import Base
E   ModuleNotFoundError: No module named 'backend'
_______________ ERROR collecting tests/integration/test_tasks.py _______________
ImportError while importing test module '/home/julien/Desktop/Free-Wiggum-opencode/projects/tact-ai/tests/integration/test_tasks.py'.
Hint: make sure your test modules/packages have valid Python names.
Traceback:
../../venv/lib/python3.14/site-packages/_pytest/python.py:507: in importtestmodule
    mod = import_path(
../../venv/lib/python3.14/site-packages/_pytest/pathlib.py:587: in import_path
    importlib.import_module(module_name)
/usr/lib/python3.14/importlib/__init__.py:88: in import_module
    return _bootstrap._gcd_import(name[level:], package, level)
           ^^^^^^^^^^^^^^^^^^^^^^^^^^^^^^^^^^^^^^^^^^^^^^^^^^^^
<frozen importlib._bootstrap>:1398: in _gcd_import
    ???
<frozen importlib._bootstrap>:1371: in _find_and_load
    ???
<frozen importlib._bootstrap>:1342: in _find_and_load_unlocked
    ???
<frozen importlib._bootstrap>:938: in _load_unlocked
    ???
../../venv/lib/python3.14/site-packages/_pytest/assertion/rewrite.py:197: in exec_module
    exec(co, module.__dict__)
tests/integration/test_tasks.py:13: in <module>
    from backend.database import Base, get_db
E   ModuleNotFoundError: No module named 'backend'
_____________ ERROR collecting tests/integration/test_websocket.py _____________
ImportError while importing test module '/home/julien/Desktop/Free-Wiggum-opencode/projects/tact-ai/tests/integration/test_websocket.py'.
Hint: make sure your test modules/packages have valid Python names.
Traceback:
../../venv/lib/python3.14/site-packages/_pytest/python.py:507: in importtestmodule
    mod = import_path(
../../venv/lib/python3.14/site-packages/_pytest/pathlib.py:587: in import_path
    importlib.import_module(module_name)
/usr/lib/python3.14/importlib/__init__.py:88: in import_module
    return _bootstrap._gcd_import(name[level:], package, level)
           ^^^^^^^^^^^^^^^^^^^^^^^^^^^^^^^^^^^^^^^^^^^^^^^^^^^^
<frozen importlib._bootstrap>:1398: in _gcd_import
    ???
<frozen importlib._bootstrap>:1371: in _find_and_load
    ???
<frozen importlib._bootstrap>:1342: in _find_and_load_unlocked
    ???
<frozen importlib._bootstrap>:938: in _load_unlocked
    ???
../../venv/lib/python3.14/site-packages/_pytest/assertion/rewrite.py:197: in exec_module
    exec(co, module.__dict__)
tests/integration/test_websocket.py:15: in <module>
    from backend.database import Base
E   ModuleNotFoundError: No module named 'backend'
___________________ ERROR collecting tests/unit/test_auth.py ___________________
ImportError while importing test module '/home/julien/Desktop/Free-Wiggum-opencode/projects/tact-ai/tests/unit/test_auth.py'.
Hint: make sure your test modules/packages have valid Python names.
Traceback:
../../venv/lib/python3.14/site-packages/_pytest/python.py:507: in importtestmodule
    mod = import_path(
../../venv/lib/python3.14/site-packages/_pytest/pathlib.py:587: in import_path
    importlib.import_module(module_name)
/usr/lib/python3.14/importlib/__init__.py:88: in import_module
    return _bootstrap._gcd_import(name[level:], package, level)
           ^^^^^^^^^^^^^^^^^^^^^^^^^^^^^^^^^^^^^^^^^^^^^^^^^^^^
<frozen importlib._bootstrap>:1398: in _gcd_import
    ???
<frozen importlib._bootstrap>:1371: in _find_and_load
    ???
<frozen importlib._bootstrap>:1342: in _find_and_load_unlocked
    ???
<frozen importlib._bootstrap>:938: in _load_unlocked
    ???
../../venv/lib/python3.14/site-packages/_pytest/assertion/rewrite.py:197: in exec_module
    exec(co, module.__dict__)
tests/unit/test_auth.py:12: in <module>
    from backend.auth.router import router, get_current_user
E   ModuleNotFoundError: No module named 'backend'
________________ ERROR collecting tests/unit/test_classifier.py ________________
ImportError while importing test module '/home/julien/Desktop/Free-Wiggum-opencode/projects/tact-ai/tests/unit/test_classifier.py'.
Hint: make sure your test modules/packages have valid Python names.
Traceback:
../../venv/lib/python3.14/site-packages/_pytest/python.py:507: in importtestmodule
    mod = import_path(
../../venv/lib/python3.14/site-packages/_pytest/pathlib.py:587: in import_path
    importlib.import_module(module_name)
/usr/lib/python3.14/importlib/__init__.py:88: in import_module
    return _bootstrap._gcd_import(name[level:], package, level)
           ^^^^^^^^^^^^^^^^^^^^^^^^^^^^^^^^^^^^^^^^^^^^^^^^^^^^
<frozen importlib._bootstrap>:1398: in _gcd_import
    ???
<frozen importlib._bootstrap>:1371: in _find_and_load
    ???
<frozen importlib._bootstrap>:1342: in _find_and_load_unlocked
    ???
<frozen importlib._bootstrap>:938: in _load_unlocked
    ???
../../venv/lib/python3.14/site-packages/_pytest/assertion/rewrite.py:197: in exec_module
    exec(co, module.__dict__)
tests/unit/test_classifier.py:9: in <module>
    from backend.ai.classifier import (
E   ModuleNotFoundError: No module named 'backend'
________________ ERROR collecting tests/unit/test_conflicts.py _________________
ImportError while importing test module '/home/julien/Desktop/Free-Wiggum-opencode/projects/tact-ai/tests/unit/test_conflicts.py'.
Hint: make sure your test modules/packages have valid Python names.
Traceback:
../../venv/lib/python3.14/site-packages/_pytest/python.py:507: in importtestmodule
    mod = import_path(
../../venv/lib/python3.14/site-packages/_pytest/pathlib.py:587: in import_path
    importlib.import_module(module_name)
/usr/lib/python3.14/importlib/__init__.py:88: in import_module
    return _bootstrap._gcd_import(name[level:], package, level)
           ^^^^^^^^^^^^^^^^^^^^^^^^^^^^^^^^^^^^^^^^^^^^^^^^^^^^
<frozen importlib._bootstrap>:1398: in _gcd_import
    ???
<frozen importlib._bootstrap>:1371: in _find_and_load
    ???
<frozen importlib._bootstrap>:1342: in _find_and_load_unlocked
    ???
<frozen importlib._bootstrap>:938: in _load_unlocked
    ???
../../venv/lib/python3.14/site-packages/_pytest/assertion/rewrite.py:197: in exec_module
    exec(co, module.__dict__)
tests/unit/test_conflicts.py:5: in <module>
    from backend.scheduler.conflicts import ConflictDetector, detect_schedule_conflicts
E   ModuleNotFoundError: No module named 'backend'
________________ ERROR collecting tests/unit/test_dependency.py ________________
ImportError while importing test module '/home/julien/Desktop/Free-Wiggum-opencode/projects/tact-ai/tests/unit/test_dependency.py'.
Hint: make sure your test modules/packages have valid Python names.
Traceback:
../../venv/lib/python3.14/site-packages/_pytest/python.py:507: in importtestmodule
    mod = import_path(
../../venv/lib/python3.14/site-packages/_pytest/pathlib.py:587: in import_path
    importlib.import_module(module_name)
/usr/lib/python3.14/importlib/__init__.py:88: in import_module
    return _bootstrap._gcd_import(name[level:], package, level)
           ^^^^^^^^^^^^^^^^^^^^^^^^^^^^^^^^^^^^^^^^^^^^^^^^^^^^
<frozen importlib._bootstrap>:1398: in _gcd_import
    ???
<frozen importlib._bootstrap>:1371: in _find_and_load
    ???
<frozen importlib._bootstrap>:1342: in _find_and_load_unlocked
    ???
<frozen importlib._bootstrap>:938: in _load_unlocked
    ???
../../venv/lib/python3.14/site-packages/_pytest/assertion/rewrite.py:197: in exec_module
    exec(co, module.__dict__)
tests/unit/test_dependency.py:5: in <module>
    from backend.scheduler.dependency import (
E   ModuleNotFoundError: No module named 'backend'
__________________ ERROR collecting tests/unit/test_engine.py __________________
ImportError while importing test module '/home/julien/Desktop/Free-Wiggum-opencode/projects/tact-ai/tests/unit/test_engine.py'.
Hint: make sure your test modules/packages have valid Python names.
Traceback:
../../venv/lib/python3.14/site-packages/_pytest/python.py:507: in importtestmodule
    mod = import_path(
../../venv/lib/python3.14/site-packages/_pytest/pathlib.py:587: in import_path
    importlib.import_module(module_name)
/usr/lib/python3.14/importlib/__init__.py:88: in import_module
    return _bootstrap._gcd_import(name[level:], package, level)
           ^^^^^^^^^^^^^^^^^^^^^^^^^^^^^^^^^^^^^^^^^^^^^^^^^^^^
<frozen importlib._bootstrap>:1398: in _gcd_import
    ???
<frozen importlib._bootstrap>:1371: in _find_and_load
    ???
<frozen importlib._bootstrap>:1342: in _find_and_load_unlocked
    ???
<frozen importlib._bootstrap>:938: in _load_unlocked
    ???
../../venv/lib/python3.14/site-packages/_pytest/assertion/rewrite.py:197: in exec_module
    exec(co, module.__dict__)
tests/unit/test_engine.py:5: in <module>
    from backend.scheduler.engine import (
E   ModuleNotFoundError: No module named 'backend'
__________________ ERROR collecting tests/unit/test_tasks.py ___________________
ImportError while importing test module '/home/julien/Desktop/Free-Wiggum-opencode/projects/tact-ai/tests/unit/test_tasks.py'.
Hint: make sure your test modules/packages have valid Python names.
Traceback:
../../venv/lib/python3.14/site-packages/_pytest/python.py:507: in importtestmodule
    mod = import_path(
../../venv/lib/python3.14/site-packages/_pytest/pathlib.py:587: in import_path
    importlib.import_module(module_name)
/usr/lib/python3.14/importlib/__init__.py:88: in import_module
    return _bootstrap._gcd_import(name[level:], package, level)
           ^^^^^^^^^^^^^^^^^^^^^^^^^^^^^^^^^^^^^^^^^^^^^^^^^^^^
<frozen importlib._bootstrap>:1398: in _gcd_import
    ???
<frozen importlib._bootstrap>:1371: in _find_and_load
    ???
<frozen importlib._bootstrap>:1342: in _find_and_load_unlocked
    ???
<frozen importlib._bootstrap>:938: in _load_unlocked
    ???
../../venv/lib/python3.14/site-packages/_pytest/assertion/rewrite.py:197: in exec_module
    exec(co, module.__dict__)
tests/unit/test_tasks.py:12: in <module>
    from backend.routers.tasks import router
E   ModuleNotFoundError: No module named 'backend'
=========================== short test summary info ============================
ERROR tests/integration/test_auth.py
ERROR tests/integration/test_tasks.py
ERROR tests/integration/test_websocket.py
ERROR tests/unit/test_auth.py
ERROR tests/unit/test_classifier.py
ERROR tests/unit/test_conflicts.py
ERROR tests/unit/test_dependency.py
ERROR tests/unit/test_engine.py
ERROR tests/unit/test_tasks.py
!!!!!!!!!!!!!!!!!!! Interrupted: 9 errors during collection !!!!!!!!!!!!!!!!!!!!
============================== 9 errors in 3.71s ===============================
[0m
The tests need the backend package to be installed. Let me install it in editable mode and then run tests:
[0m$ [0mpip install -e .
Obtaining file:///home/julien/Desktop/Free-Wiggum-opencode/projects/tact-ai
  Installing build dependencies: started
  Installing build dependencies: finished with status 'done'
  Checking if build backend supports build_editable: started
  Checking if build backend supports build_editable: finished with status 'done'
  Getting requirements to build editable: started
  Getting requirements to build editable: finished with status 'error'
  error: subprocess-exited-with-error
  
  × Getting requirements to build editable did not run successfully.
  │ exit code: 1
  ╰─> [14 lines of output]
      error: Multiple top-level packages discovered in a flat-layout: ['logs', 'shared', 'docker', 'backend', 'frontend'].
      
      To avoid accidental inclusion of unwanted files or directories,
      setuptools will not proceed with this build.
      
      If you are trying to create a single distribution with multiple packages
      on purpose, you should not rely on automatic discovery.
      Instead, consider the following options:
      
      1. set up custom discovery (`find` directive with `include` or `exclude`)
      2. use a `src-layout`
      3. explicitly set `py_modules` or `packages` with a list of names
      
      To find more information, look for "package discovery" on setuptools docs.
      [end of output]
  
  note: This error originates from a subprocess, and is likely not a problem with pip.
ERROR: Failed to build 'file:///home/julien/Desktop/Free-Wiggum-opencode/projects/tact-ai' when getting requirements to build editable
[0m
The install is failing due to the monorepo structure. Let me set PYTHONPATH instead to run tests:
[0m$ [0mPYTHONPATH=/home/julien/Desktop/Free-Wiggum-opencode/projects/tact-ai pytest tests/ --cov=backend --cov-report=term --cov-report=html -v 2>&1 | head -200
============================= test session starts ==============================
platform linux -- Python 3.14.3, pytest-9.0.2, pluggy-1.6.0 -- /home/julien/Desktop/Free-Wiggum-opencode/venv/bin/python
cachedir: .pytest_cache
rootdir: /home/julien/Desktop/Free-Wiggum-opencode/projects/tact-ai
configfile: pyproject.toml
plugins: langsmith-0.7.16, anyio-4.12.1, asyncio-1.3.0, cov-7.0.0, dash-4.0.0
asyncio: mode=Mode.STRICT, debug=False, asyncio_default_fixture_loop_scope=None, asyncio_default_test_loop_scope=function
collecting ... collected 109 items / 4 errors

==================================== ERRORS ====================================
_______________ ERROR collecting tests/integration/test_auth.py ________________
ImportError while importing test module '/home/julien/Desktop/Free-Wiggum-opencode/projects/tact-ai/tests/integration/test_auth.py'.
Hint: make sure your test modules/packages have valid Python names.
Traceback:
../../venv/lib/python3.14/site-packages/_pytest/python.py:507: in importtestmodule
    mod = import_path(
../../venv/lib/python3.14/site-packages/_pytest/pathlib.py:587: in import_path
    importlib.import_module(module_name)
/usr/lib/python3.14/importlib/__init__.py:88: in import_module
    return _bootstrap._gcd_import(name[level:], package, level)
           ^^^^^^^^^^^^^^^^^^^^^^^^^^^^^^^^^^^^^^^^^^^^^^^^^^^^
<frozen importlib._bootstrap>:1398: in _gcd_import
    ???
<frozen importlib._bootstrap>:1371: in _find_and_load
    ???
<frozen importlib._bootstrap>:1342: in _find_and_load_unlocked
    ???
<frozen importlib._bootstrap>:938: in _load_unlocked
    ???
../../venv/lib/python3.14/site-packages/_pytest/assertion/rewrite.py:197: in exec_module
    exec(co, module.__dict__)
tests/integration/test_auth.py:13: in <module>
    from backend.main import app
backend/main.py:5: in <module>
    from .routers import tasks
backend/routers/tasks.py:17: in <module>
    from backend.auth.utils import get_current_user
E   ImportError: cannot import name 'get_current_user' from 'backend.auth.utils' (/home/julien/Desktop/Free-Wiggum-opencode/projects/tact-ai/backend/auth/utils.py)
_______________ ERROR collecting tests/integration/test_tasks.py _______________
ImportError while importing test module '/home/julien/Desktop/Free-Wiggum-opencode/projects/tact-ai/tests/integration/test_tasks.py'.
Hint: make sure your test modules/packages have valid Python names.
Traceback:
../../venv/lib/python3.14/site-packages/_pytest/python.py:507: in importtestmodule
    mod = import_path(
../../venv/lib/python3.14/site-packages/_pytest/pathlib.py:587: in import_path
    importlib.import_module(module_name)
/usr/lib/python3.14/importlib/__init__.py:88: in import_module
    return _bootstrap._gcd_import(name[level:], package, level)
           ^^^^^^^^^^^^^^^^^^^^^^^^^^^^^^^^^^^^^^^^^^^^^^^^^^^^
<frozen importlib._bootstrap>:1398: in _gcd_import
    ???
<frozen importlib._bootstrap>:1371: in _find_and_load
    ???
<frozen importlib._bootstrap>:1342: in _find_and_load_unlocked
    ???
<frozen importlib._bootstrap>:938: in _load_unlocked
    ???
../../venv/lib/python3.14/site-packages/_pytest/assertion/rewrite.py:197: in exec_module
    exec(co, module.__dict__)
tests/integration/test_tasks.py:14: in <module>
    from backend.main import app
backend/main.py:5: in <module>
    from .routers import tasks
backend/routers/tasks.py:17: in <module>
    from backend.auth.utils import get_current_user
E   ImportError: cannot import name 'get_current_user' from 'backend.auth.utils' (/home/julien/Desktop/Free-Wiggum-opencode/projects/tact-ai/backend/auth/utils.py)
_____________ ERROR collecting tests/integration/test_websocket.py _____________
ImportError while importing test module '/home/julien/Desktop/Free-Wiggum-opencode/projects/tact-ai/tests/integration/test_websocket.py'.
Hint: make sure your test modules/packages have valid Python names.
Traceback:
../../venv/lib/python3.14/site-packages/_pytest/python.py:507: in importtestmodule
    mod = import_path(
../../venv/lib/python3.14/site-packages/_pytest/pathlib.py:587: in import_path
    importlib.import_module(module_name)
/usr/lib/python3.14/importlib/__init__.py:88: in import_module
    return _bootstrap._gcd_import(name[level:], package, level)
           ^^^^^^^^^^^^^^^^^^^^^^^^^^^^^^^^^^^^^^^^^^^^^^^^^^^^
<frozen importlib._bootstrap>:1398: in _gcd_import
    ???
<frozen importlib._bootstrap>:1371: in _find_and_load
    ???
<frozen importlib._bootstrap>:1342: in _find_and_load_unlocked
    ???
<frozen importlib._bootstrap>:938: in _load_unlocked
    ???
../../venv/lib/python3.14/site-packages/_pytest/assertion/rewrite.py:197: in exec_module
    exec(co, module.__dict__)
tests/integration/test_websocket.py:16: in <module>
    from backend.main import app
backend/main.py:5: in <module>
    from .routers import tasks
backend/routers/tasks.py:17: in <module>
    from backend.auth.utils import get_current_user
E   ImportError: cannot import name 'get_current_user' from 'backend.auth.utils' (/home/julien/Desktop/Free-Wiggum-opencode/projects/tact-ai/backend/auth/utils.py)
__________________ ERROR collecting tests/unit/test_tasks.py ___________________
ImportError while importing test module '/home/julien/Desktop/Free-Wiggum-opencode/projects/tact-ai/tests/unit/test_tasks.py'.
Hint: make sure your test modules/packages have valid Python names.
Traceback:
../../venv/lib/python3.14/site-packages/_pytest/python.py:507: in importtestmodule
    mod = import_path(
../../venv/lib/python3.14/site-packages/_pytest/pathlib.py:587: in import_path
    importlib.import_module(module_name)
/usr/lib/python3.14/importlib/__init__.py:88: in import_module
    return _bootstrap._gcd_import(name[level:], package, level)
           ^^^^^^^^^^^^^^^^^^^^^^^^^^^^^^^^^^^^^^^^^^^^^^^^^^^^
<frozen importlib._bootstrap>:1398: in _gcd_import
    ???
<frozen importlib._bootstrap>:1371: in _find_and_load
    ???
<frozen importlib._bootstrap>:1342: in _find_and_load_unlocked
    ???
<frozen importlib._bootstrap>:938: in _load_unlocked
    ???
../../venv/lib/python3.14/site-packages/_pytest/assertion/rewrite.py:197: in exec_module
    exec(co, module.__dict__)
tests/unit/test_tasks.py:12: in <module>
    from backend.routers.tasks import router
backend/routers/tasks.py:17: in <module>
    from backend.auth.utils import get_current_user
E   ImportError: cannot import name 'get_current_user' from 'backend.auth.utils' (/home/julien/Desktop/Free-Wiggum-opencode/projects/tact-ai/backend/auth/utils.py)
=============================== warnings summary ===============================
backend/database/__init__.py:10
  /home/julien/Desktop/Free-Wiggum-opencode/projects/tact-ai/backend/database/__init__.py:10: MovedIn20Warning: The ``declarative_base()`` function is now available as sqlalchemy.orm.declarative_base(). (deprecated since: 2.0) (Background on SQLAlchemy 2.0 at: https://sqlalche.me/e/b8d9)
    Base = declarative_base()

shared/schemas.py:48
  /home/julien/Desktop/Free-Wiggum-opencode/projects/tact-ai/shared/schemas.py:48: PydanticDeprecatedSince20: Support for class-based `config` is deprecated, use ConfigDict instead. Deprecated in Pydantic V2.0 to be removed in V3.0. See Pydantic V2 Migration Guide at https://errors.pydantic.dev/2.12/migration/
    class TaskResponse(TaskBase):

shared/schemas.py:92
  /home/julien/Desktop/Free-Wiggum-opencode/projects/tact-ai/shared/schemas.py:92: PydanticDeprecatedSince20: Support for class-based `config` is deprecated, use ConfigDict instead. Deprecated in Pydantic V2.0 to be removed in V3.0. See Pydantic V2 Migration Guide at https://errors.pydantic.dev/2.12/migration/
    class UserResponse(UserBase):

-- Docs: https://docs.pytest.org/en/stable/how-to/capture-warnings.html
=========================== short test summary info ============================
ERROR tests/integration/test_auth.py
ERROR tests/integration/test_tasks.py
ERROR tests/integration/test_websocket.py
ERROR tests/unit/test_tasks.py
!!!!!!!!!!!!!!!!!!! Interrupted: 4 errors during collection !!!!!!!!!!!!!!!!!!!!
======================== 3 warnings, 4 errors in 3.93s =========================
[0m
[0m→ [0mRead backend/auth/utils.py
[0m→ [0mRead backend/auth/router.py
There's an import error. Let me check the auth/utils.py to see what's missing:
The error shows that tasks.py is trying to import `get_current_user` from utils, but it's actually defined in the auth router. Let me check the tasks router:
[0m→ [0mRead backend/routers/tasks.py
I see the issue. The `get_current_user` function is defined in `router.py` but is being imported from `utils.py` in tasks.py. The proper fix is to move `get_current_user` to utils.py where it belongs as a reusable dependency. Let me fix this:
[0m
[0m← [0mEdit backend/auth/utils.py
Index: /home/julien/Desktop/Free-Wiggum-opencode/projects/tact-ai/backend/auth/utils.py
===================================================================
--- /home/julien/Desktop/Free-Wiggum-opencode/projects/tact-ai/backend/auth/utils.py
+++ /home/julien/Desktop/Free-Wiggum-opencode/projects/tact-ai/backend/auth/utils.py
@@ -60,4 +60,52 @@
         )
         return payload
     except JWTError:
         return None
+
+
+async def get_current_user(
+    token: str,
+    db: Session,
+) -> "UserModel":
+    """
+    Dependency to get the current authenticated user from JWT token.
+
+    Args:
+        token: JWT token from Authorization header
+        db: Database session
+
+    Returns:
+        Authenticated user model
+
+    Raises:
+        HTTPException 401 if token is invalid or user not found
+    """
+    from fastapi import HTTPException
+    from fastapi import status
+    from sqlalchemy.orm import Session
+    from sqlalchemy import select
+    from backend.models.user import User as UserModel
+
+    credentials_exception = HTTPException(
+        status_code=status.HTTP_401_UNAUTHORIZED,
+        detail="Could not validate credentials",
+        headers={"WWW-Authenticate": "Bearer"},
+    )
+
+    payload = decode_token(token)
+    if payload is None:
+        raise credentials_exception
+
+    username: str = payload.get("sub")
+    if username is None:
+        raise credentials_exception
+
+    # Find user by email (username)
+    user = db.execute(
+        select(UserModel).where(UserModel.email == username)
+    ).scalar_one_or_none()
+
+    if user is None:
+        raise credentials_exception
+
+    return user

[0m
Now remove `get_current_user` from router.py and keep it only in utils:
[0m← [0mEdit backend/auth/router.py
Index: /home/julien/Desktop/Free-Wiggum-opencode/projects/tact-ai/backend/auth/router.py
===================================================================
--- /home/julien/Desktop/Free-Wiggum-opencode/projects/tact-ai/backend/auth/router.py
+++ /home/julien/Desktop/Free-Wiggum-opencode/projects/tact-ai/backend/auth/router.py
@@ -23,50 +23,8 @@
 # OAuth2 scheme for token extraction from Authorization header
 oauth2_scheme = OAuth2PasswordBearer(tokenUrl="/auth/login")
 
 
-async def get_current_user(
-    token: Annotated[str, Depends(oauth2_scheme)],
-    db: Session = Depends(get_db),
-) -> UserModel:
-    """
-    Dependency to get the current authenticated user from JWT token.
-
-    Args:
-        token: JWT token from Authorization header
-        db: Database session
-
-    Returns:
-        Authenticated user model
-
-    Raises:
-        HTTPException 401 if token is invalid or user not found
-    """
-    credentials_exception = HTTPException(
-        status_code=status.HTTP_401_UNAUTHORIZED,
-        detail="Could not validate credentials",
-        headers={"WWW-Authenticate": "Bearer"},
-    )
-
-    payload = decode_token(token)
-    if payload is None:
-        raise credentials_exception
-
-    username: str = payload.get("sub")
-    if username is None:
-        raise credentials_exception
-
-    # Find user by email (username)
-    user = db.execute(
-        select(UserModel).where(UserModel.email == username)
-    ).scalar_one_or_none()
-
-    if user is None:
-        raise credentials_exception
-
-    return user
-
-
 @router.post(
     "/register", response_model=UserResponse, status_code=status.HTTP_201_CREATED
 )
 async def register(

[0m
📝 Log saved: logs/iteration-201.md
📊 Token Usage: 9250 / Session: 12000 / 64000
✅ Changes committed
To https://github.com/Julien-ser/tact-ai.git
   e0d8785..4902102  main -> main
✅ Pushed to GitHub
📊 Updated Tasks: 11/14 completed, 3 remaining
   Next task: **Prepare production deployment**: Write optimized Dockerfil...
📍 Iteration 202 at Thu Mar 12 09:39:00 PM EDT 2026...
🤖 OpenCode processing: **Prepare production deployment**: Write optimized Dockerfiles for backend (Gunicorn + Uvicorn workers) and frontend (Nginx static build). Configure Nginx reverse proxy, PostgreSQL, and Redis in `docker-compose.prod.yml`. Document in `docs/deployment.md`.
[0m
> build · stepfun/step-3.5-flash:free
[0m
[0m→ [0mRead TASKS.md
[0m→ [0mRead README.md
I'll help you prepare the production deployment for the tact-ai project. Let me first explore the current project structure to understand what we're working with.
[0m
[0m$ [0mfind . -type f -name "*.py" -o -name "*.json" -o -name "*.yml" -o -name "*.yaml" -o -name "*.md" -o -name "Dockerfile*" | head -20
./TASKS.md
./docs/architecture.md
./docs/database.md
./docker-compose.yml
./shared/schemas.py
./codecov.yml
./backend/__init__.py
./backend/websocket/__init__.py
./backend/websocket/router.py
./backend/websocket/manager.py
./backend/main.py
./backend/database/__init__.py
./backend/alembic/versions/20260312_000001_initial_schema.py
./backend/alembic/env.py
./backend/config.py
./backend/auth/__init__.py
./backend/auth/router.py
./backend/auth/utils.py
./backend/scheduler/__init__.py
./backend/scheduler/dependency.py
[0m
[0m✗ [0mread failed
[91m[1mError: [0mFile not found: /home/julien/Desktop/Free-Wiggum-opencode/projects/tact-ai/backend/requirements.txt
[0m→ [0mRead backend/main.py
[0m→ [0mRead docker-compose.yml
[0m✱ [0mGlob "frontend/**/*"[90m 27 matches[0m
Now let me check the existing docker-compose.yml and the backend structure:
[0m→ [0mRead pyproject.toml
[0m→ [0mRead frontend/package.json
Let me check for the Python dependencies file:
[0m→ [0mRead backend/config.py
[0m
[0m# [0mTodos
[ ] Create optimized backend Dockerfile with Gunicorn + Uvicorn workers
[ ] Create optimized frontend Dockerfile with Nginx multi-stage build
[ ] Create Nginx reverse proxy configuration for production
[ ] Create docker-compose.prod.yml with all services
[ ] Write comprehensive deployment documentation in docs/deployment.md
[ ] Update README.md to reflect current progress
[ ] Mark task as complete in TASKS.md
[0m
Let me first create a todo list to track this deployment task:
[0m$ [0mls -la docker/
total 20
drwxr-xr-x  2 julien julien 4096 Mar 12 16:53 .
drwxr-xr-x 15 julien julien 4096 Mar 12 21:37 ..
-rw-r--r--  1 julien julien  515 Mar 12 16:53 Dockerfile.backend
-rw-r--r--  1 julien julien  444 Mar 12 16:53 Dockerfile.frontend
-rw-r--r--  1 julien julien  487 Mar 12 16:53 nginx.conf
[0m
Let me check the existing docker directory:
Let me read the existing Dockerfiles and nginx.conf:
[0m→ [0mRead docker/Dockerfile.backend
[0m→ [0mRead docker/Dockerfile.frontend
[0m→ [0mRead docker/nginx.conf
📝 Log saved: logs/iteration-202.md
📊 Token Usage: 3250 / Session: 15250 / 64000
