рҹҡҖ Starting Wiggum Worker for: tact-ai
рҹ“Қ Project Path: /home/julien/Desktop/Free-Wiggum-opencode/projects/tact-ai
вҸ° Started at: Thu Mar 12 09:55:44 PM EDT 2026
вҡЎ Token Budget: 64000
в”Ғв”Ғв”Ғв”Ғв”Ғв”Ғв”Ғв”Ғв”Ғв”Ғв”Ғв”Ғв”Ғв”Ғв”Ғв”Ғв”Ғв”Ғв”Ғв”Ғв”Ғв”Ғв”Ғв”Ғв”Ғв”Ғв”Ғв”Ғв”Ғв”Ғв”Ғв”Ғв•җв•җв•җв•җ

рҹ“Қ Iteration 244 at Thu Mar 12 09:55:44 PM EDT 2026...
рҹӨ– OpenCode processing: **Perform load testing and optimization**: Use k6 to simulate 100+ concurrent users. Profile scheduler performance, add database indexing, implement pagination on task lists, and tune Redis caching. Record results.
[0m
> build В· stepfun/step-3.5-flash:free
[0m
[91m[1mError: [0mUser not found.
рҹ“қ Log saved: logs/iteration-244.md
рҹ“Ҡ Token Usage: 2500 / Session: 2500 / 64000
вң… Changes committed
To https://github.com/Julien-ser/tact-ai.git
   09293c3..35d4d1f  main -> main
вң… Pushed to GitHub
рҹ“Ҡ Updated Tasks: 12/14 completed, 2 remaining
   Next task: **Perform load testing and optimization**: Use k6 to simulat...
рҹ“Қ Iteration 245 at Thu Mar 12 09:55:49 PM EDT 2026...
вң“ Progress: Git commit found
рҹ“Ҡ Task attempt 2: Progress detected, continuing...
рҹ“ҡ Loading context from previous iteration attempts...
рҹӨ– OpenCode processing: **Perform load testing and optimization**: Use k6 to simulate 100+ concurrent users. Profile scheduler performance, add database indexing, implement pagination on task lists, and tune Redis caching. Record results.
[0m
> build В· stepfun/step-3.5-flash:free
[0m
[91m[1mError: [0mUser not found.
рҹ“қ Log saved: logs/iteration-245.md
рҹ“Ҡ Token Usage: 2500 / Session: 5000 / 64000
вң… Changes committed
To https://github.com/Julien-ser/tact-ai.git
   35d4d1f..f10f025  main -> main
вң… Pushed to GitHub
рҹ“Ҡ Updated Tasks: 12/14 completed, 2 remaining
   Next task: **Perform load testing and optimization**: Use k6 to simulat...
рҹ“Қ Iteration 246 at Thu Mar 12 09:55:55 PM EDT 2026...
вң“ Progress: Git commit found
рҹ“Ҡ Task attempt 3: Progress detected, continuing...
рҹ“ҡ Loading context from previous iteration attempts...
рҹӨ– OpenCode processing: **Perform load testing and optimization**: Use k6 to simulate 100+ concurrent users. Profile scheduler performance, add database indexing, implement pagination on task lists, and tune Redis caching. Record results.
[0m
> build В· stepfun/step-3.5-flash:free
[0m
[91m[1mError: [0mUser not found.
рҹ“қ Log saved: logs/iteration-246.md
рҹ“Ҡ Token Usage: 2500 / Session: 7500 / 64000
вң… Changes committed
To https://github.com/Julien-ser/tact-ai.git
   f10f025..d243203  main -> main
вң… Pushed to GitHub
рҹ“Ҡ Updated Tasks: 12/14 completed, 2 remaining
   Next task: **Perform load testing and optimization**: Use k6 to simulat...
рҹ“Қ Iteration 247 at Thu Mar 12 09:56:01 PM EDT 2026...
вң“ Progress: Git commit found
рҹ“Ҡ Task attempt 4: Progress detected, continuing...
рҹ“ҡ Loading context from previous iteration attempts...
рҹӨ– OpenCode processing: **Perform load testing and optimization**: Use k6 to simulate 100+ concurrent users. Profile scheduler performance, add database indexing, implement pagination on task lists, and tune Redis caching. Record results.
[0m
> build В· stepfun/step-3.5-flash:free
[0m
[91m[1mError: [0mUser not found.
рҹ“қ Log saved: logs/iteration-247.md
рҹ“Ҡ Token Usage: 2500 / Session: 10000 / 64000
вң… Changes committed
To https://github.com/Julien-ser/tact-ai.git
   d243203..a047388  main -> main
вң… Pushed to GitHub
рҹ“Ҡ Updated Tasks: 12/14 completed, 2 remaining
   Next task: **Perform load testing and optimization**: Use k6 to simulat...
рҹ“Қ Iteration 248 at Thu Mar 12 09:56:07 PM EDT 2026...
вң“ Progress: Git commit found
рҹ“Ҡ Task attempt 5: Progress detected, continuing...
рҹ“ҡ Loading context from previous iteration attempts...
рҹӨ– OpenCode processing: **Perform load testing and optimization**: Use k6 to simulate 100+ concurrent users. Profile scheduler performance, add database indexing, implement pagination on task lists, and tune Redis caching. Record results.
[0m
> build В· stepfun/step-3.5-flash:free
[0m
[91m[1mError: [0mUser not found.
рҹ“қ Log saved: logs/iteration-248.md
рҹ“Ҡ Token Usage: 2500 / Session: 12500 / 64000
вң… Changes committed
To https://github.com/Julien-ser/tact-ai.git
   a047388..62dc9e3  main -> main
вң… Pushed to GitHub
рҹ“Ҡ Updated Tasks: 12/14 completed, 2 remaining
   Next task: **Perform load testing and optimization**: Use k6 to simulat...
рҹ“Қ Iteration 249 at Thu Mar 12 09:56:13 PM EDT 2026...
вң“ Progress: Git commit found
рҹ“Ҡ Task attempt 6: Progress detected, continuing...
рҹ“ҡ Loading context from previous iteration attempts...
рҹӨ– OpenCode processing: **Perform load testing and optimization**: Use k6 to simulate 100+ concurrent users. Profile scheduler performance, add database indexing, implement pagination on task lists, and tune Redis caching. Record results.
[0m
> build В· stepfun/step-3.5-flash:free
[0m
[91m[1mError: [0mUser not found.
рҹ“қ Log saved: logs/iteration-249.md
рҹ“Ҡ Token Usage: 2500 / Session: 15000 / 64000
вң… Changes committed
To https://github.com/Julien-ser/tact-ai.git
   62dc9e3..8dd71a3  main -> main
вң… Pushed to GitHub
рҹ“Ҡ Updated Tasks: 12/14 completed, 2 remaining
   Next task: **Perform load testing and optimization**: Use k6 to simulat...
рҹ“Қ Iteration 250 at Thu Mar 12 09:56:19 PM EDT 2026...
вң“ Progress: Git commit found
рҹ“Ҡ Task attempt 7: Progress detected, continuing...
рҹ“ҡ Loading context from previous iteration attempts...
рҹӨ– OpenCode processing: **Perform load testing and optimization**: Use k6 to simulate 100+ concurrent users. Profile scheduler performance, add database indexing, implement pagination on task lists, and tune Redis caching. Record results.
[0m
> build В· stepfun/step-3.5-flash:free
[0m
[91m[1mError: [0mUser not found.
рҹ“қ Log saved: logs/iteration-250.md
рҹ“Ҡ Token Usage: 2500 / Session: 17500 / 64000
