🚀 Starting Wiggum Worker for: tact-ai
📍 Project Path: /home/julien/Desktop/Free-Wiggum-opencode/projects/tact-ai
⏰ Started at: Thu Mar 12 10:07:30 PM EDT 2026
⚡ Token Budget: 64000
━━━━━━━━━━━━━━━━━━━━━━━━━━━━━━━━════

📍 Iteration 283 at Thu Mar 12 10:07:30 PM EDT 2026...
🤖 OpenCode processing: **Perform load testing and optimization**: Use k6 to simulate 100+ concurrent users. Profile scheduler performance, add database indexing, implement pagination on task lists, and tune Redis caching. Record results.
[0m
> build · stepfun/step-3.5-flash:free
[0m
[0m• [0mExplore project structure[90m Explore Agent[0m
I'll help you complete the load testing and optimization task. Let me start by exploring the project structure and understanding the current state.
[0m✓ [0mExplore project structure[90m Explore Agent[0m
[0m
[0m$ [0mls -la
total 144
drwxr-xr-x 16 julien julien  4096 Mar 12 21:50 .
drwxr-xr-x 10 julien julien  4096 Mar 12 21:44 ..
drwxr-xr-x 12 julien julien  4096 Mar 12 19:28 backend
drwxr-xr-x  2 julien julien  4096 Mar 12 17:51 benchmark
-rw-r--r--  1 julien julien   192 Mar 12 17:59 benchmark_test.json
-rw-r--r--  1 julien julien  1053 Mar 12 21:38 codecov.yml
drwxr-xr-x  3 julien julien  4096 Mar 12 21:43 docker
-rw-r--r--  1 julien julien  5416 Mar 12 21:41 docker-compose.prod.yml
-rw-r--r--  1 julien julien  1978 Mar 12 16:55 docker-compose.yml
drwxr-xr-x  2 julien julien  4096 Mar 12 21:44 docs
-rw-r--r--  1 julien julien   483 Mar 12 17:32 .env
-rw-r--r--  1 julien julien   480 Mar 12 16:53 .env.example
drwxr-xr-x  4 julien julien  4096 Mar 12 16:54 frontend
drwxr-xr-x  7 julien julien  4096 Mar 12 21:59 .git
drwxr-xr-x  3 julien julien  4096 Mar 12 16:56 .github
-rw-r--r--  1 julien julien     4 Mar 12 16:51 .gitignore
drwxr-xr-x  2 julien julien  4096 Mar 12 19:14 htmlcov
drwxr-xr-x  2 julien julien  4096 Mar 12 21:51 load-testing
drwxr-xr-x  2 julien julien 12288 Mar 12 22:07 logs
-rw-r--r--  1 julien julien   516 Mar 12 16:56 .pre-commit-config.yaml
-rw-r--r--  1 julien julien  1280 Mar 12 16:51 prompt.txt
-rw-r--r--  1 julien julien  1523 Mar 12 16:53 pyproject.toml
drwxr-xr-x  3 julien julien  4096 Mar 12 17:30 .pytest_cache
-rw-r--r--  1 julien julien  8880 Mar 12 21:38 README.md
-rw-r--r--  1 julien julien   324 Mar 12 21:40 requirements.txt
drwxr-xr-x  4 julien julien  4096 Mar 12 19:11 .ruff_cache
drwxr-xr-x  3 julien julien  4096 Mar 12 19:13 shared
-rw-r--r--  1 julien julien  3702 Mar 12 21:45 TASKS.md
-rw-r--r--  1 julien julien  3700 Mar 12 16:52 TASKS_original.md
-rw-r--r--  1 julien julien  3815 Mar 12 17:20 test_migrations.py
drwxr-xr-x  4 julien julien  4096 Mar 12 16:53 tests
[0m
[0m$ [0mfind . -type f -name "*.py" -o -name "*.js" -o -name "*.ts" -o -name "*.tsx" -o -name "*.json" | head -100
./shared/schemas.py
./backend/__init__.py
./backend/websocket/__init__.py
./backend/websocket/router.py
./backend/websocket/manager.py
./backend/main.py
./backend/database/__init__.py
./backend/alembic/versions/20260312_000001_initial_schema.py
./backend/alembic/env.py
./backend/config.py
./backend/auth/__init__.py
./backend/auth/router.py
./backend/auth/utils.py
./backend/scheduler/__init__.py
./backend/scheduler/dependency.py
./backend/scheduler/conflicts.py
./backend/scheduler/engine.py
./backend/routers/tasks.py
./backend/routers/scheduler.py
./backend/ai/classifier.py
./backend/ai/__init__.py
./backend/models/task.py
./backend/models/__init__.py
./backend/models/timeline_task.py
./backend/models/timeline.py
./backend/models/time_block.py
./backend/models/user.py
./backend/models/task_chain.py
./htmlcov/coverage_html_cb_dd2e7eb5.js
./htmlcov/status.json
./benchmark_test.json
./benchmark/scheduler_benchmark.py
./load-testing/utils.js
./load-testing/stress-test.js
./load-testing/smoke-test.js
./load-testing/soak-test.js
./load-testing/config.js
./load-testing/load-test.js
./frontend/tsconfig.json
./frontend/tailwind.config.js
./frontend/src/App.tsx
./frontend/src/index.tsx
./frontend/src/contexts/WebSocketContext.tsx
./frontend/src/contexts/AuthContext.tsx
./frontend/src/pages/TasksPage.tsx
./frontend/src/pages/RegisterPage.tsx
./frontend/src/pages/LoginPage.tsx
./frontend/src/components/TaskForm.tsx
./frontend/src/components/index.ts
./frontend/src/components/TimelineView.tsx
./frontend/src/components/QuadrantBoard.tsx
./frontend/src/components/ChainVisualizer.tsx
./frontend/src/components/TaskCard.tsx
./frontend/src/components/NotificationBell.tsx
./frontend/src/services/authApi.ts
./frontend/src/services/taskApi.ts
./frontend/src/__tests__/components/TimelineView.test.tsx
./frontend/src/__tests__/components/QuadrantBoard.test.tsx
./frontend/src/__tests__/components/ChainVisualizer.test.tsx
./frontend/src/__tests__/components/TaskCard.test.tsx
./frontend/src/types/index.ts
./frontend/postcss.config.js
./frontend/package.json
./tests/integration/__init__.py
./tests/integration/test_scheduler.py
./tests/integration/test_tasks.py
./tests/integration/test_websocket.py
./tests/integration/test_auth.py
./tests/unit/__init__.py
./tests/unit/test_classifier.py
./tests/unit/test_dependency.py
./tests/unit/test_conflicts.py
./tests/unit/test_tasks.py
./tests/unit/test_engine.py
./tests/unit/test_auth.py
./docker/grafana/dashboards/tact-ai-overview.json
./test_migrations.py
[0m
Let me explore the project structure directly:
[0m→ [0mRead backend/models/task.py
[0m→ [0mRead backend/routers/tasks.py
[0m→ [0mRead load-testing/config.js
[0m→ [0mRead backend/alembic/versions/20260312_000001_initial_schema.py
[0m→ [0mRead backend/scheduler/engine.py
[0m→ [0mRead backend/config.py
[0m→ [0mRead load-testing/load-test.js
[0m→ [0mRead backend/ai/classifier.py
[0m→ [0mRead benchmark/scheduler_benchmark.py
[0m→ [0mRead docker-compose.prod.yml
[0m→ [0mRead .env.example
📝 Log saved: logs/iteration-283.md
📊 Token Usage: 3750 / Session: 3750 / 64000
✅ Changes committed
To https://github.com/Julien-ser/tact-ai.git
   943d642..d4ebba1  main -> main
✅ Pushed to GitHub
📊 Updated Tasks: 12/14 completed, 2 remaining
   Next task: **Perform load testing and optimization**: Use k6 to simulat...
📍 Iteration 284 at Thu Mar 12 10:09:10 PM EDT 2026...
✓ Progress: Git commit found
📊 Task attempt 2: Progress detected, continuing...
📚 Loading context from previous iteration attempts...
🤖 OpenCode processing: **Perform load testing and optimization**: Use k6 to simulate 100+ concurrent users. Profile scheduler performance, add database indexing, implement pagination on task lists, and tune Redis caching. Record results.
[0m
> build · stepfun/step-3.5-flash:free
[0m
[0m→ [0mRead .
[0m✱ [0mGlob "**/*.py"[90m in . · 42 matches[0m
[0m✱ [0mGlob "**/docker-compose*.yml"[90m in . · 2 matches[0m
[0m✱ [0mGlob "**/requirements*.txt"[90m in . · 1 match[0m
I'll complete the load testing and optimization task. Let me start by exploring the project structure to understand the current state.
[0m→ [0mRead load-testing
[0m→ [0mRead backend/routers/tasks.py
[0m→ [0mRead backend/database/__init__.py
[0m→ [0mRead backend/models/task.py
[0m→ [0mRead load-testing/README.md
[0m→ [0mRead load-testing/load-test.js
[0m→ [0mRead backend/ai/classifier.py
[0m→ [0mRead backend/alembic/versions/20260312_000001_initial_schema.py
[0m→ [0mRead backend/scheduler/engine.py
[0m→ [0mRead backend/routers/scheduler.py
[0m→ [0mRead backend/config.py
[0m→ [0mRead requirements.txt
📝 Log saved: logs/iteration-284.md
📊 Token Usage: 2750 / Session: 6500 / 64000
