рҹҡҖ Starting Wiggum Worker for: tact-ai
рҹ“Қ Project Path: /home/julien/Desktop/Free-Wiggum-opencode/projects/tact-ai
вҸ° Started at: Thu Mar 12 09:24:27 PM EDT 2026
вҡЎ Token Budget: 64000
в”Ғв”Ғв”Ғв”Ғв”Ғв”Ғв”Ғв”Ғв”Ғв”Ғв”Ғв”Ғв”Ғв”Ғв”Ғв”Ғв”Ғв”Ғв”Ғв”Ғв”Ғв”Ғв”Ғв”Ғв”Ғв”Ғв”Ғв”Ғв”Ғв”Ғв”Ғв”Ғв•җв•җв•җв•җ

рҹ“Қ Iteration 133 at Thu Mar 12 09:24:27 PM EDT 2026...
рҹӨ– OpenCode processing: **Develop real-time updates (optional)**: Add FastAPI WebSocket endpoint and React Socket.IO client to push schedule changes and conflict alerts to connected users.
[0m
> build В· stepfun/step-3.5-flash:free
[0m
[91m[1mError: [0mUser not found.
рҹ“қ Log saved: logs/iteration-133.md
рҹ“Ҡ Token Usage: 2500 / Session: 2500 / 64000
вң… Changes committed
To https://github.com/Julien-ser/tact-ai.git
   83a36a0..8e359c8  main -> main
вң… Pushed to GitHub
рҹ“Ҡ Updated Tasks: 10/15 completed, 5 remaining
   Next task: **Develop real-time updates (optional)**: Add FastAPI WebSoc...
рҹ“Қ Iteration 134 at Thu Mar 12 09:24:33 PM EDT 2026...
вң“ Progress: Git commit found
рҹ“Ҡ Task attempt 2: Progress detected, continuing...
рҹ“ҡ Loading context from previous iteration attempts...
рҹӨ– OpenCode processing: **Develop real-time updates (optional)**: Add FastAPI WebSocket endpoint and React Socket.IO client to push schedule changes and conflict alerts to connected users.
[0m
> build В· stepfun/step-3.5-flash:free
[0m
[91m[1mError: [0mUser not found.
рҹ“қ Log saved: logs/iteration-134.md
рҹ“Ҡ Token Usage: 2500 / Session: 5000 / 64000
вң… Changes committed
To https://github.com/Julien-ser/tact-ai.git
   8e359c8..a34776e  main -> main
вң… Pushed to GitHub
рҹ“Ҡ Updated Tasks: 10/15 completed, 5 remaining
   Next task: **Develop real-time updates (optional)**: Add FastAPI WebSoc...
рҹ“Қ Iteration 135 at Thu Mar 12 09:24:38 PM EDT 2026...
вң“ Progress: Git commit found
рҹ“Ҡ Task attempt 3: Progress detected, continuing...
рҹ“ҡ Loading context from previous iteration attempts...
рҹӨ– OpenCode processing: **Develop real-time updates (optional)**: Add FastAPI WebSocket endpoint and React Socket.IO client to push schedule changes and conflict alerts to connected users.
[0m
> build В· stepfun/step-3.5-flash:free
[0m
[91m[1mError: [0mUser not found.
рҹ“қ Log saved: logs/iteration-135.md
рҹ“Ҡ Token Usage: 2500 / Session: 7500 / 64000
вң… Changes committed
To https://github.com/Julien-ser/tact-ai.git
   a34776e..c2888a6  main -> main
вң… Pushed to GitHub
рҹ“Ҡ Updated Tasks: 10/15 completed, 5 remaining
   Next task: **Develop real-time updates (optional)**: Add FastAPI WebSoc...
рҹ“Қ Iteration 136 at Thu Mar 12 09:24:44 PM EDT 2026...
вң“ Progress: Git commit found
рҹ“Ҡ Task attempt 4: Progress detected, continuing...
рҹ“ҡ Loading context from previous iteration attempts...
рҹӨ– OpenCode processing: **Develop real-time updates (optional)**: Add FastAPI WebSocket endpoint and React Socket.IO client to push schedule changes and conflict alerts to connected users.
[0m
> build В· stepfun/step-3.5-flash:free
[0m
[91m[1mError: [0mUser not found.
рҹ“қ Log saved: logs/iteration-136.md
рҹ“Ҡ Token Usage: 2500 / Session: 10000 / 64000
вң… Changes committed
To https://github.com/Julien-ser/tact-ai.git
   c2888a6..e4900ac  main -> main
вң… Pushed to GitHub
рҹ“Ҡ Updated Tasks: 10/15 completed, 5 remaining
   Next task: **Develop real-time updates (optional)**: Add FastAPI WebSoc...
рҹ“Қ Iteration 137 at Thu Mar 12 09:24:50 PM EDT 2026...
вң“ Progress: Git commit found
рҹ“Ҡ Task attempt 5: Progress detected, continuing...
рҹ“ҡ Loading context from previous iteration attempts...
рҹӨ– OpenCode processing: **Develop real-time updates (optional)**: Add FastAPI WebSocket endpoint and React Socket.IO client to push schedule changes and conflict alerts to connected users.
[0m
> build В· stepfun/step-3.5-flash:free
[0m
[91m[1mError: [0mUser not found.
рҹ“қ Log saved: logs/iteration-137.md
рҹ“Ҡ Token Usage: 2500 / Session: 12500 / 64000
вң… Changes committed
To https://github.com/Julien-ser/tact-ai.git
   e4900ac..b3a0452  main -> main
вң… Pushed to GitHub
рҹ“Ҡ Updated Tasks: 10/15 completed, 5 remaining
   Next task: **Develop real-time updates (optional)**: Add FastAPI WebSoc...
рҹ“Қ Iteration 138 at Thu Mar 12 09:24:55 PM EDT 2026...
вң“ Progress: Git commit found
рҹ“Ҡ Task attempt 6: Progress detected, continuing...
рҹ“ҡ Loading context from previous iteration attempts...
рҹӨ– OpenCode processing: **Develop real-time updates (optional)**: Add FastAPI WebSocket endpoint and React Socket.IO client to push schedule changes and conflict alerts to connected users.
[0m
> build В· stepfun/step-3.5-flash:free
[0m
[91m[1mError: [0mUser not found.
рҹ“қ Log saved: logs/iteration-138.md
рҹ“Ҡ Token Usage: 2500 / Session: 15000 / 64000
вң… Changes committed
To https://github.com/Julien-ser/tact-ai.git
   b3a0452..77d74b0  main -> main
вң… Pushed to GitHub
рҹ“Ҡ Updated Tasks: 10/15 completed, 5 remaining
   Next task: **Develop real-time updates (optional)**: Add FastAPI WebSoc...
рҹ“Қ Iteration 139 at Thu Mar 12 09:25:01 PM EDT 2026...
вң“ Progress: Git commit found
рҹ“Ҡ Task attempt 7: Progress detected, continuing...
рҹ“ҡ Loading context from previous iteration attempts...
рҹӨ– OpenCode processing: **Develop real-time updates (optional)**: Add FastAPI WebSocket endpoint and React Socket.IO client to push schedule changes and conflict alerts to connected users.
[0m
> build В· stepfun/step-3.5-flash:free
[0m
[91m[1mError: [0mUser not found.
рҹ“қ Log saved: logs/iteration-139.md
рҹ“Ҡ Token Usage: 2500 / Session: 17500 / 64000
