рҹҡҖ Starting Wiggum Worker for: tact-ai
рҹ“Қ Project Path: /home/julien/Desktop/Free-Wiggum-opencode/projects/tact-ai
вҸ° Started at: Thu Mar 12 09:21:53 PM EDT 2026
вҡЎ Token Budget: 64000
в”Ғв”Ғв”Ғв”Ғв”Ғв”Ғв”Ғв”Ғв”Ғв”Ғв”Ғв”Ғв”Ғв”Ғв”Ғв”Ғв”Ғв”Ғв”Ғв”Ғв”Ғв”Ғв”Ғв”Ғв”Ғв”Ғв”Ғв”Ғв”Ғв”Ғв”Ғв”Ғв•җв•җв•җв•җ

рҹ“Қ Iteration 107 at Thu Mar 12 09:21:53 PM EDT 2026...
рҹӨ– OpenCode processing: **Develop real-time updates (optional)**: Add FastAPI WebSocket endpoint and React Socket.IO client to push schedule changes and conflict alerts to connected users.
[0m
> build В· stepfun/step-3.5-flash:free
[0m
[91m[1mError: [0mUser not found.
рҹ“қ Log saved: logs/iteration-107.md
рҹ“Ҡ Token Usage: 2500 / Session: 2500 / 64000
вң… Changes committed
To https://github.com/Julien-ser/tact-ai.git
   4e2fc41..7541c8e  main -> main
вң… Pushed to GitHub
рҹ“Ҡ Updated Tasks: 10/15 completed, 5 remaining
   Next task: **Develop real-time updates (optional)**: Add FastAPI WebSoc...
рҹ“Қ Iteration 108 at Thu Mar 12 09:21:59 PM EDT 2026...
вң“ Progress: Git commit found
рҹ“Ҡ Task attempt 2: Progress detected, continuing...
рҹ“ҡ Loading context from previous iteration attempts...
рҹӨ– OpenCode processing: **Develop real-time updates (optional)**: Add FastAPI WebSocket endpoint and React Socket.IO client to push schedule changes and conflict alerts to connected users.
[0m
> build В· stepfun/step-3.5-flash:free
[0m
[91m[1mError: [0mUser not found.
рҹ“қ Log saved: logs/iteration-108.md
рҹ“Ҡ Token Usage: 2500 / Session: 5000 / 64000
вң… Changes committed
To https://github.com/Julien-ser/tact-ai.git
   7541c8e..b6e51b8  main -> main
вң… Pushed to GitHub
рҹ“Ҡ Updated Tasks: 10/15 completed, 5 remaining
   Next task: **Develop real-time updates (optional)**: Add FastAPI WebSoc...
рҹ“Қ Iteration 109 at Thu Mar 12 09:22:05 PM EDT 2026...
вң“ Progress: Git commit found
рҹ“Ҡ Task attempt 3: Progress detected, continuing...
рҹ“ҡ Loading context from previous iteration attempts...
рҹӨ– OpenCode processing: **Develop real-time updates (optional)**: Add FastAPI WebSocket endpoint and React Socket.IO client to push schedule changes and conflict alerts to connected users.
[0m
> build В· stepfun/step-3.5-flash:free
[0m
[91m[1mError: [0mUser not found.
рҹ“қ Log saved: logs/iteration-109.md
рҹ“Ҡ Token Usage: 2500 / Session: 7500 / 64000
вң… Changes committed
To https://github.com/Julien-ser/tact-ai.git
   b6e51b8..0b810e5  main -> main
вң… Pushed to GitHub
рҹ“Ҡ Updated Tasks: 10/15 completed, 5 remaining
   Next task: **Develop real-time updates (optional)**: Add FastAPI WebSoc...
рҹ“Қ Iteration 110 at Thu Mar 12 09:22:11 PM EDT 2026...
вң“ Progress: Git commit found
рҹ“Ҡ Task attempt 4: Progress detected, continuing...
рҹ“ҡ Loading context from previous iteration attempts...
рҹӨ– OpenCode processing: **Develop real-time updates (optional)**: Add FastAPI WebSocket endpoint and React Socket.IO client to push schedule changes and conflict alerts to connected users.
[0m
> build В· stepfun/step-3.5-flash:free
[0m
[91m[1mError: [0mUser not found.
рҹ“қ Log saved: logs/iteration-110.md
рҹ“Ҡ Token Usage: 2500 / Session: 10000 / 64000
вң… Changes committed
To https://github.com/Julien-ser/tact-ai.git
   0b810e5..2b21b45  main -> main
вң… Pushed to GitHub
рҹ“Ҡ Updated Tasks: 10/15 completed, 5 remaining
   Next task: **Develop real-time updates (optional)**: Add FastAPI WebSoc...
рҹ“Қ Iteration 111 at Thu Mar 12 09:22:17 PM EDT 2026...
вң“ Progress: Git commit found
рҹ“Ҡ Task attempt 5: Progress detected, continuing...
рҹ“ҡ Loading context from previous iteration attempts...
рҹӨ– OpenCode processing: **Develop real-time updates (optional)**: Add FastAPI WebSocket endpoint and React Socket.IO client to push schedule changes and conflict alerts to connected users.
[0m
> build В· stepfun/step-3.5-flash:free
[0m
[91m[1mError: [0mUser not found.
рҹ“қ Log saved: logs/iteration-111.md
рҹ“Ҡ Token Usage: 2500 / Session: 12500 / 64000
вң… Changes committed
To https://github.com/Julien-ser/tact-ai.git
   2b21b45..8db63e2  main -> main
вң… Pushed to GitHub
рҹ“Ҡ Updated Tasks: 10/15 completed, 5 remaining
   Next task: **Develop real-time updates (optional)**: Add FastAPI WebSoc...
рҹ“Қ Iteration 112 at Thu Mar 12 09:22:23 PM EDT 2026...
вң“ Progress: Git commit found
рҹ“Ҡ Task attempt 6: Progress detected, continuing...
рҹ“ҡ Loading context from previous iteration attempts...
рҹӨ– OpenCode processing: **Develop real-time updates (optional)**: Add FastAPI WebSocket endpoint and React Socket.IO client to push schedule changes and conflict alerts to connected users.
[0m
> build В· stepfun/step-3.5-flash:free
[0m
[91m[1mError: [0mUser not found.
рҹ“қ Log saved: logs/iteration-112.md
рҹ“Ҡ Token Usage: 2500 / Session: 15000 / 64000
вң… Changes committed
To https://github.com/Julien-ser/tact-ai.git
   8db63e2..1ca98f7  main -> main
вң… Pushed to GitHub
рҹ“Ҡ Updated Tasks: 10/15 completed, 5 remaining
   Next task: **Develop real-time updates (optional)**: Add FastAPI WebSoc...
рҹ“Қ Iteration 113 at Thu Mar 12 09:22:28 PM EDT 2026...
вң“ Progress: Git commit found
рҹ“Ҡ Task attempt 7: Progress detected, continuing...
рҹ“ҡ Loading context from previous iteration attempts...
рҹӨ– OpenCode processing: **Develop real-time updates (optional)**: Add FastAPI WebSocket endpoint and React Socket.IO client to push schedule changes and conflict alerts to connected users.
[0m
> build В· stepfun/step-3.5-flash:free
[0m
[91m[1mError: [0mUser not found.
рҹ“қ Log saved: logs/iteration-113.md
рҹ“Ҡ Token Usage: 2500 / Session: 17500 / 64000
