рҹҡҖ Starting Wiggum Worker for: tact-ai
рҹ“Қ Project Path: /home/julien/Desktop/Free-Wiggum-opencode/projects/tact-ai
вҸ° Started at: Thu Mar 12 09:18:56 PM EDT 2026
вҡЎ Token Budget: 64000
в”Ғв”Ғв”Ғв”Ғв”Ғв”Ғв”Ғв”Ғв”Ғв”Ғв”Ғв”Ғв”Ғв”Ғв”Ғв”Ғв”Ғв”Ғв”Ғв”Ғв”Ғв”Ғв”Ғв”Ғв”Ғв”Ғв”Ғв”Ғв”Ғв”Ғв”Ғв”Ғв•җв•җв•җв•җ

рҹ“Қ Iteration 81 at Thu Mar 12 09:18:56 PM EDT 2026...
рҹӨ– OpenCode processing: **Develop real-time updates (optional)**: Add FastAPI WebSocket endpoint and React Socket.IO client to push schedule changes and conflict alerts to connected users.
[0m
> build В· stepfun/step-3.5-flash:free
[0m
[91m[1mError: [0mUser not found.
рҹ“қ Log saved: logs/iteration-81.md
рҹ“Ҡ Token Usage: 2500 / Session: 2500 / 64000
вң… Changes committed
To https://github.com/Julien-ser/tact-ai.git
   b486a4f..848ce2a  main -> main
вң… Pushed to GitHub
рҹ“Ҡ Updated Tasks: 10/15 completed, 5 remaining
   Next task: **Develop real-time updates (optional)**: Add FastAPI WebSoc...
рҹ“Қ Iteration 82 at Thu Mar 12 09:19:02 PM EDT 2026...
вң“ Progress: Git commit found
рҹ“Ҡ Task attempt 2: Progress detected, continuing...
рҹ“ҡ Loading context from previous iteration attempts...
рҹӨ– OpenCode processing: **Develop real-time updates (optional)**: Add FastAPI WebSocket endpoint and React Socket.IO client to push schedule changes and conflict alerts to connected users.
[0m
> build В· stepfun/step-3.5-flash:free
[0m
[91m[1mError: [0mUser not found.
рҹ“қ Log saved: logs/iteration-82.md
рҹ“Ҡ Token Usage: 2500 / Session: 5000 / 64000
вң… Changes committed
To https://github.com/Julien-ser/tact-ai.git
   848ce2a..5d3d125  main -> main
вң… Pushed to GitHub
рҹ“Ҡ Updated Tasks: 10/15 completed, 5 remaining
   Next task: **Develop real-time updates (optional)**: Add FastAPI WebSoc...
рҹ“Қ Iteration 83 at Thu Mar 12 09:19:08 PM EDT 2026...
вң“ Progress: Git commit found
рҹ“Ҡ Task attempt 3: Progress detected, continuing...
рҹ“ҡ Loading context from previous iteration attempts...
рҹӨ– OpenCode processing: **Develop real-time updates (optional)**: Add FastAPI WebSocket endpoint and React Socket.IO client to push schedule changes and conflict alerts to connected users.
[0m
> build В· stepfun/step-3.5-flash:free
[0m
[91m[1mError: [0mUser not found.
рҹ“қ Log saved: logs/iteration-83.md
рҹ“Ҡ Token Usage: 2500 / Session: 7500 / 64000
вң… Changes committed
To https://github.com/Julien-ser/tact-ai.git
   5d3d125..d9f12ae  main -> main
вң… Pushed to GitHub
рҹ“Ҡ Updated Tasks: 10/15 completed, 5 remaining
   Next task: **Develop real-time updates (optional)**: Add FastAPI WebSoc...
рҹ“Қ Iteration 84 at Thu Mar 12 09:19:15 PM EDT 2026...
вң“ Progress: Git commit found
рҹ“Ҡ Task attempt 4: Progress detected, continuing...
рҹ“ҡ Loading context from previous iteration attempts...
рҹӨ– OpenCode processing: **Develop real-time updates (optional)**: Add FastAPI WebSocket endpoint and React Socket.IO client to push schedule changes and conflict alerts to connected users.
[0m
> build В· stepfun/step-3.5-flash:free
[0m
[91m[1mError: [0mUser not found.
рҹ“қ Log saved: logs/iteration-84.md
рҹ“Ҡ Token Usage: 2500 / Session: 10000 / 64000
вң… Changes committed
To https://github.com/Julien-ser/tact-ai.git
   d9f12ae..ca5fb78  main -> main
вң… Pushed to GitHub
рҹ“Ҡ Updated Tasks: 10/15 completed, 5 remaining
   Next task: **Develop real-time updates (optional)**: Add FastAPI WebSoc...
рҹ“Қ Iteration 85 at Thu Mar 12 09:19:20 PM EDT 2026...
вң“ Progress: Git commit found
рҹ“Ҡ Task attempt 5: Progress detected, continuing...
рҹ“ҡ Loading context from previous iteration attempts...
рҹӨ– OpenCode processing: **Develop real-time updates (optional)**: Add FastAPI WebSocket endpoint and React Socket.IO client to push schedule changes and conflict alerts to connected users.
[0m
> build В· stepfun/step-3.5-flash:free
[0m
[91m[1mError: [0mUser not found.
рҹ“қ Log saved: logs/iteration-85.md
рҹ“Ҡ Token Usage: 2500 / Session: 12500 / 64000
вң… Changes committed
To https://github.com/Julien-ser/tact-ai.git
   ca5fb78..d7d53fd  main -> main
вң… Pushed to GitHub
рҹ“Ҡ Updated Tasks: 10/15 completed, 5 remaining
   Next task: **Develop real-time updates (optional)**: Add FastAPI WebSoc...
рҹ“Қ Iteration 86 at Thu Mar 12 09:19:26 PM EDT 2026...
вң“ Progress: Git commit found
рҹ“Ҡ Task attempt 6: Progress detected, continuing...
рҹ“ҡ Loading context from previous iteration attempts...
рҹӨ– OpenCode processing: **Develop real-time updates (optional)**: Add FastAPI WebSocket endpoint and React Socket.IO client to push schedule changes and conflict alerts to connected users.
[0m
> build В· stepfun/step-3.5-flash:free
[0m
[91m[1mError: [0mUser not found.
рҹ“қ Log saved: logs/iteration-86.md
рҹ“Ҡ Token Usage: 2500 / Session: 15000 / 64000
вң… Changes committed
To https://github.com/Julien-ser/tact-ai.git
   d7d53fd..9411730  main -> main
вң… Pushed to GitHub
рҹ“Ҡ Updated Tasks: 10/15 completed, 5 remaining
   Next task: **Develop real-time updates (optional)**: Add FastAPI WebSoc...
рҹ“Қ Iteration 87 at Thu Mar 12 09:19:32 PM EDT 2026...
вң“ Progress: Git commit found
рҹ“Ҡ Task attempt 7: Progress detected, continuing...
рҹ“ҡ Loading context from previous iteration attempts...
рҹӨ– OpenCode processing: **Develop real-time updates (optional)**: Add FastAPI WebSocket endpoint and React Socket.IO client to push schedule changes and conflict alerts to connected users.
[0m
> build В· stepfun/step-3.5-flash:free
[0m
[91m[1mError: [0mUser not found.
рҹ“қ Log saved: logs/iteration-87.md
рҹ“Ҡ Token Usage: 2500 / Session: 17500 / 64000
вң… Changes committed
To https://github.com/Julien-ser/tact-ai.git
   9411730..df9f604  main -> main
вң… Pushed to GitHub
рҹ“Ҡ Updated Tasks: 10/15 completed, 5 remaining
   Next task: **Develop real-time updates (optional)**: Add FastAPI WebSoc...
рҹ“Қ Iteration 88 at Thu Mar 12 09:19:38 PM EDT 2026...
вң“ Progress: Git commit found
рҹ“Ҡ Task attempt 8: Progress detected, continuing...
рҹ“ҡ Loading context from previous iteration attempts...
рҹӨ– OpenCode processing: **Develop real-time updates (optional)**: Add FastAPI WebSocket endpoint and React Socket.IO client to push schedule changes and conflict alerts to connected users.
[0m
> build В· stepfun/step-3.5-flash:free
[0m
[91m[1mError: [0mUser not found.
рҹ“қ Log saved: logs/iteration-88.md
рҹ“Ҡ Token Usage: 2500 / Session: 20000 / 64000
вң… Changes committed
To https://github.com/Julien-ser/tact-ai.git
   df9f604..76a4e0d  main -> main
вң… Pushed to GitHub
рҹ“Ҡ Updated Tasks: 10/15 completed, 5 remaining
   Next task: **Develop real-time updates (optional)**: Add FastAPI WebSoc...
рҹ“Қ Iteration 89 at Thu Mar 12 09:19:44 PM EDT 2026...
вң“ Progress: Git commit found
рҹ“Ҡ Task attempt 9: Progress detected, continuing...
рҹ“ҡ Loading context from previous iteration attempts...
рҹӨ– OpenCode processing: **Develop real-time updates (optional)**: Add FastAPI WebSocket endpoint and React Socket.IO client to push schedule changes and conflict alerts to connected users.
[0m
> build В· stepfun/step-3.5-flash:free
[0m
[91m[1mError: [0mUser not found.
рҹ“қ Log saved: logs/iteration-89.md
рҹ“Ҡ Token Usage: 2500 / Session: 22500 / 64000
вң… Changes committed
To https://github.com/Julien-ser/tact-ai.git
   76a4e0d..4c8b9a1  main -> main
вң… Pushed to GitHub
рҹ“Ҡ Updated Tasks: 10/15 completed, 5 remaining
   Next task: **Develop real-time updates (optional)**: Add FastAPI WebSoc...
рҹ“Қ Iteration 90 at Thu Mar 12 09:19:50 PM EDT 2026...
вң“ Progress: Git commit found
рҹ“Ҡ Task attempt 10: Progress detected, continuing...
рҹ“ҡ Loading context from previous iteration attempts...
рҹӨ– OpenCode processing: **Develop real-time updates (optional)**: Add FastAPI WebSocket endpoint and React Socket.IO client to push schedule changes and conflict alerts to connected users.
[0m
> build В· stepfun/step-3.5-flash:free
[0m
[91m[1mError: [0mUser not found.
рҹ“қ Log saved: logs/iteration-90.md
рҹ“Ҡ Token Usage: 2500 / Session: 25000 / 64000
вң… Changes committed
To https://github.com/Julien-ser/tact-ai.git
   4c8b9a1..8927385  main -> main
вң… Pushed to GitHub
рҹ“Ҡ Updated Tasks: 10/15 completed, 5 remaining
   Next task: **Develop real-time updates (optional)**: Add FastAPI WebSoc...
рҹ“Қ Iteration 91 at Thu Mar 12 09:19:56 PM EDT 2026...
вң“ Progress: Git commit found
рҹ“Ҡ Task attempt 11: Progress detected, continuing...
рҹ“ҡ Loading context from previous iteration attempts...
рҹӨ– OpenCode processing: **Develop real-time updates (optional)**: Add FastAPI WebSocket endpoint and React Socket.IO client to push schedule changes and conflict alerts to connected users.
[0m
> build В· stepfun/step-3.5-flash:free
[0m
[91m[1mError: [0mUser not found.
рҹ“қ Log saved: logs/iteration-91.md
рҹ“Ҡ Token Usage: 2500 / Session: 27500 / 64000
вң… Changes committed
To https://github.com/Julien-ser/tact-ai.git
   8927385..a04b089  main -> main
вң… Pushed to GitHub
рҹ“Ҡ Updated Tasks: 10/15 completed, 5 remaining
   Next task: **Develop real-time updates (optional)**: Add FastAPI WebSoc...
рҹ“Қ Iteration 92 at Thu Mar 12 09:20:02 PM EDT 2026...
вң“ Progress: Git commit found
рҹ“Ҡ Task attempt 12: Progress detected, continuing...
рҹ“ҡ Loading context from previous iteration attempts...
рҹӨ– OpenCode processing: **Develop real-time updates (optional)**: Add FastAPI WebSocket endpoint and React Socket.IO client to push schedule changes and conflict alerts to connected users.
[0m
> build В· stepfun/step-3.5-flash:free
[0m
[91m[1mError: [0mUser not found.
рҹ“қ Log saved: logs/iteration-92.md
рҹ“Ҡ Token Usage: 2500 / Session: 30000 / 64000
