🚀 Starting Wiggum Worker for: tact-ai
📍 Project Path: /home/julien/Desktop/Free-Wiggum-opencode/projects/tact-ai
⏰ Started at: Thu Mar 12 09:34:40 PM EDT 2026
⚡ Token Budget: 64000
━━━━━━━━━━━━━━━━━━━━━━━━━━━━━━━━════

📍 Iteration 193 at Thu Mar 12 09:34:40 PM EDT 2026...
🤖 OpenCode processing: **Write comprehensive test suite**: Achieve >80% coverage for classifier, dependency resolver, scheduler, and conflict detection. Include integration tests for main API routes. Set up Codecov reporting.
[0m
> build · stepfun/step-3.5-flash:free
[0m
[91m[1mError: [0mMissing Authentication header
📝 Log saved: logs/iteration-193.md
📊 Token Usage: 2500 / Session: 2500 / 64000
✅ Changes committed
To https://github.com/Julien-ser/tact-ai.git
   c2c6992..974fbac  main -> main
✅ Pushed to GitHub
📊 Updated Tasks: 10/14 completed, 4 remaining
   Next task: **Write comprehensive test suite**: Achieve >80% coverage fo...
📍 Iteration 194 at Thu Mar 12 09:34:46 PM EDT 2026...
✓ Progress: Git commit found
📊 Task attempt 2: Progress detected, continuing...
📚 Loading context from previous iteration attempts...
🤖 OpenCode processing: **Write comprehensive test suite**: Achieve >80% coverage for classifier, dependency resolver, scheduler, and conflict detection. Include integration tests for main API routes. Set up Codecov reporting.
[0m
> build · stepfun/step-3.5-flash:free
[0m
[91m[1mError: [0mMissing Authentication header
📝 Log saved: logs/iteration-194.md
📊 Token Usage: 2500 / Session: 5000 / 64000
✅ Changes committed
To https://github.com/Julien-ser/tact-ai.git
   974fbac..f305f21  main -> main
✅ Pushed to GitHub
📊 Updated Tasks: 10/14 completed, 4 remaining
   Next task: **Write comprehensive test suite**: Achieve >80% coverage fo...
📍 Iteration 195 at Thu Mar 12 09:34:53 PM EDT 2026...
✓ Progress: Git commit found
📊 Task attempt 3: Progress detected, continuing...
📚 Loading context from previous iteration attempts...
🤖 OpenCode processing: **Write comprehensive test suite**: Achieve >80% coverage for classifier, dependency resolver, scheduler, and conflict detection. Include integration tests for main API routes. Set up Codecov reporting.
[0m
> build · stepfun/step-3.5-flash:free
[0m
[91m[1mError: [0mMissing Authentication header
📝 Log saved: logs/iteration-195.md
📊 Token Usage: 2500 / Session: 7500 / 64000
✅ Changes committed
To https://github.com/Julien-ser/tact-ai.git
   f305f21..98fe497  main -> main
✅ Pushed to GitHub
📊 Updated Tasks: 10/14 completed, 4 remaining
   Next task: **Write comprehensive test suite**: Achieve >80% coverage fo...
📍 Iteration 196 at Thu Mar 12 09:34:59 PM EDT 2026...
✓ Progress: Git commit found
📊 Task attempt 4: Progress detected, continuing...
📚 Loading context from previous iteration attempts...
🤖 OpenCode processing: **Write comprehensive test suite**: Achieve >80% coverage for classifier, dependency resolver, scheduler, and conflict detection. Include integration tests for main API routes. Set up Codecov reporting.
[0m
> build · stepfun/step-3.5-flash:free
[0m
[91m[1mError: [0mMissing Authentication header
📝 Log saved: logs/iteration-196.md
📊 Token Usage: 2500 / Session: 10000 / 64000
✅ Changes committed
To https://github.com/Julien-ser/tact-ai.git
   98fe497..016f4d0  main -> main
✅ Pushed to GitHub
📊 Updated Tasks: 10/14 completed, 4 remaining
   Next task: **Write comprehensive test suite**: Achieve >80% coverage fo...
📍 Iteration 197 at Thu Mar 12 09:35:06 PM EDT 2026...
✓ Progress: Git commit found
📊 Task attempt 5: Progress detected, continuing...
📚 Loading context from previous iteration attempts...
🤖 OpenCode processing: **Write comprehensive test suite**: Achieve >80% coverage for classifier, dependency resolver, scheduler, and conflict detection. Include integration tests for main API routes. Set up Codecov reporting.
[0m
> build · stepfun/step-3.5-flash:free
[0m
[91m[1mError: [0mMissing Authentication header
📝 Log saved: logs/iteration-197.md
📊 Token Usage: 2500 / Session: 12500 / 64000
✅ Changes committed
To https://github.com/Julien-ser/tact-ai.git
   016f4d0..e399b43  main -> main
✅ Pushed to GitHub
📊 Updated Tasks: 10/14 completed, 4 remaining
   Next task: **Write comprehensive test suite**: Achieve >80% coverage fo...
📍 Iteration 198 at Thu Mar 12 09:35:12 PM EDT 2026...
✓ Progress: Git commit found
📊 Task attempt 6: Progress detected, continuing...
📚 Loading context from previous iteration attempts...
🤖 OpenCode processing: **Write comprehensive test suite**: Achieve >80% coverage for classifier, dependency resolver, scheduler, and conflict detection. Include integration tests for main API routes. Set up Codecov reporting.
📝 Log saved: logs/iteration-198.md
📊 Token Usage: 2500 / Session: 15000 / 64000
❌ [ERROR] OpenCode crashed with exit code: 130
⚠️  Stopping worker - manual intervention needed
    Check logs/iteration-198.md for details
wiggum_worker.sh: line 745: unexpected EOF while looking for matching `"'
❌ Worker interrupted

════════════════════════════════════════════════════════
📊 WORKER SESSION SUMMARY
════════════════════════════════════════════════════════
Project: tact-ai
Iterations: 198
Tasks: 10 / 14 completed
Remaining: 4
Tokens: 15000 / 64000
Logs: logs/iteration-*.md
⏰ Completed: Thu Mar 12 09:35:13 PM EDT 2026
════════════════════════════════════════════════════════
