рҹҡҖ Starting Wiggum Worker for: tact-ai
рҹ“Қ Project Path: /home/julien/Desktop/Free-Wiggum-opencode/projects/tact-ai
вҸ° Started at: Thu Mar 12 09:58:22 PM EDT 2026
вҡЎ Token Budget: 64000
в”Ғв”Ғв”Ғв”Ғв”Ғв”Ғв”Ғв”Ғв”Ғв”Ғв”Ғв”Ғв”Ғв”Ғв”Ғв”Ғв”Ғв”Ғв”Ғв”Ғв”Ғв”Ғв”Ғв”Ғв”Ғв”Ғв”Ғв”Ғв”Ғв”Ғв”Ғв”Ғв•җв•җв•җв•җ

рҹ“Қ Iteration 270 at Thu Mar 12 09:58:22 PM EDT 2026...
рҹӨ– OpenCode processing: **Perform load testing and optimization**: Use k6 to simulate 100+ concurrent users. Profile scheduler performance, add database indexing, implement pagination on task lists, and tune Redis caching. Record results.
[0m
> build В· stepfun/step-3.5-flash:free
[0m
[91m[1mError: [0mUser not found.
рҹ“қ Log saved: logs/iteration-270.md
рҹ“Ҡ Token Usage: 2500 / Session: 2500 / 64000
вң… Changes committed
To https://github.com/Julien-ser/tact-ai.git
   1873f83..a110262  main -> main
вң… Pushed to GitHub
рҹ“Ҡ Updated Tasks: 12/14 completed, 2 remaining
   Next task: **Perform load testing and optimization**: Use k6 to simulat...
рҹ“Қ Iteration 271 at Thu Mar 12 09:58:29 PM EDT 2026...
вң“ Progress: Git commit found
рҹ“Ҡ Task attempt 2: Progress detected, continuing...
рҹ“ҡ Loading context from previous iteration attempts...
рҹӨ– OpenCode processing: **Perform load testing and optimization**: Use k6 to simulate 100+ concurrent users. Profile scheduler performance, add database indexing, implement pagination on task lists, and tune Redis caching. Record results.
[0m
> build В· stepfun/step-3.5-flash:free
[0m
[91m[1mError: [0mUser not found.
рҹ“қ Log saved: logs/iteration-271.md
рҹ“Ҡ Token Usage: 2500 / Session: 5000 / 64000
вң… Changes committed
To https://github.com/Julien-ser/tact-ai.git
   a110262..121ebcd  main -> main
вң… Pushed to GitHub
рҹ“Ҡ Updated Tasks: 12/14 completed, 2 remaining
   Next task: **Perform load testing and optimization**: Use k6 to simulat...
рҹ“Қ Iteration 272 at Thu Mar 12 09:58:35 PM EDT 2026...
вң“ Progress: Git commit found
рҹ“Ҡ Task attempt 3: Progress detected, continuing...
рҹ“ҡ Loading context from previous iteration attempts...
рҹӨ– OpenCode processing: **Perform load testing and optimization**: Use k6 to simulate 100+ concurrent users. Profile scheduler performance, add database indexing, implement pagination on task lists, and tune Redis caching. Record results.
[0m
> build В· stepfun/step-3.5-flash:free
[0m
[91m[1mError: [0mUser not found.
рҹ“қ Log saved: logs/iteration-272.md
рҹ“Ҡ Token Usage: 2500 / Session: 7500 / 64000
вң… Changes committed
To https://github.com/Julien-ser/tact-ai.git
   121ebcd..a7784e0  main -> main
вң… Pushed to GitHub
рҹ“Ҡ Updated Tasks: 12/14 completed, 2 remaining
   Next task: **Perform load testing and optimization**: Use k6 to simulat...
рҹ“Қ Iteration 273 at Thu Mar 12 09:58:41 PM EDT 2026...
вң“ Progress: Git commit found
рҹ“Ҡ Task attempt 4: Progress detected, continuing...
рҹ“ҡ Loading context from previous iteration attempts...
рҹӨ– OpenCode processing: **Perform load testing and optimization**: Use k6 to simulate 100+ concurrent users. Profile scheduler performance, add database indexing, implement pagination on task lists, and tune Redis caching. Record results.
[0m
> build В· stepfun/step-3.5-flash:free
[0m
[91m[1mError: [0mUser not found.
рҹ“қ Log saved: logs/iteration-273.md
рҹ“Ҡ Token Usage: 2500 / Session: 10000 / 64000
вң… Changes committed
To https://github.com/Julien-ser/tact-ai.git
   a7784e0..e678cd0  main -> main
вң… Pushed to GitHub
рҹ“Ҡ Updated Tasks: 12/14 completed, 2 remaining
   Next task: **Perform load testing and optimization**: Use k6 to simulat...
рҹ“Қ Iteration 274 at Thu Mar 12 09:58:47 PM EDT 2026...
вң“ Progress: Git commit found
рҹ“Ҡ Task attempt 5: Progress detected, continuing...
рҹ“ҡ Loading context from previous iteration attempts...
рҹӨ– OpenCode processing: **Perform load testing and optimization**: Use k6 to simulate 100+ concurrent users. Profile scheduler performance, add database indexing, implement pagination on task lists, and tune Redis caching. Record results.
[0m
> build В· stepfun/step-3.5-flash:free
[0m
[91m[1mError: [0mUser not found.
рҹ“қ Log saved: logs/iteration-274.md
рҹ“Ҡ Token Usage: 2500 / Session: 12500 / 64000
вң… Changes committed
To https://github.com/Julien-ser/tact-ai.git
   e678cd0..c6db2c1  main -> main
вң… Pushed to GitHub
рҹ“Ҡ Updated Tasks: 12/14 completed, 2 remaining
   Next task: **Perform load testing and optimization**: Use k6 to simulat...
рҹ“Қ Iteration 275 at Thu Mar 12 09:58:53 PM EDT 2026...
вң“ Progress: Git commit found
рҹ“Ҡ Task attempt 6: Progress detected, continuing...
рҹ“ҡ Loading context from previous iteration attempts...
рҹӨ– OpenCode processing: **Perform load testing and optimization**: Use k6 to simulate 100+ concurrent users. Profile scheduler performance, add database indexing, implement pagination on task lists, and tune Redis caching. Record results.
[0m
> build В· stepfun/step-3.5-flash:free
[0m
[91m[1mError: [0mUser not found.
рҹ“қ Log saved: logs/iteration-275.md
рҹ“Ҡ Token Usage: 2500 / Session: 15000 / 64000
вң… Changes committed
To https://github.com/Julien-ser/tact-ai.git
   c6db2c1..fea5709  main -> main
вң… Pushed to GitHub
рҹ“Ҡ Updated Tasks: 12/14 completed, 2 remaining
   Next task: **Perform load testing and optimization**: Use k6 to simulat...
рҹ“Қ Iteration 276 at Thu Mar 12 09:58:59 PM EDT 2026...
вң“ Progress: Git commit found
рҹ“Ҡ Task attempt 7: Progress detected, continuing...
рҹ“ҡ Loading context from previous iteration attempts...
рҹӨ– OpenCode processing: **Perform load testing and optimization**: Use k6 to simulate 100+ concurrent users. Profile scheduler performance, add database indexing, implement pagination on task lists, and tune Redis caching. Record results.
[0m
> build В· stepfun/step-3.5-flash:free
[0m
[91m[1mError: [0mUser not found.
рҹ“қ Log saved: logs/iteration-276.md
рҹ“Ҡ Token Usage: 2500 / Session: 17500 / 64000
