рҹҡҖ Starting Wiggum Worker for: tact-ai
рҹ“Қ Project Path: /home/julien/Desktop/Free-Wiggum-opencode/projects/tact-ai
вҸ° Started at: Thu Mar 12 09:53:06 PM EDT 2026
вҡЎ Token Budget: 64000
в”Ғв”Ғв”Ғв”Ғв”Ғв”Ғв”Ғв”Ғв”Ғв”Ғв”Ғв”Ғв”Ғв”Ғв”Ғв”Ғв”Ғв”Ғв”Ғв”Ғв”Ғв”Ғв”Ғв”Ғв”Ғв”Ғв”Ғв”Ғв”Ғв”Ғв”Ғв”Ғв•җв•җв•җв•җ

рҹ“Қ Iteration 218 at Thu Mar 12 09:53:06 PM EDT 2026...
рҹӨ– OpenCode processing: **Perform load testing and optimization**: Use k6 to simulate 100+ concurrent users. Profile scheduler performance, add database indexing, implement pagination on task lists, and tune Redis caching. Record results.
[0m
> build В· stepfun/step-3.5-flash:free
[0m
[91m[1mError: [0mUser not found.
рҹ“қ Log saved: logs/iteration-218.md
рҹ“Ҡ Token Usage: 2500 / Session: 2500 / 64000
вң… Changes committed
To https://github.com/Julien-ser/tact-ai.git
   e1e1ad0..0b8b114  main -> main
вң… Pushed to GitHub
рҹ“Ҡ Updated Tasks: 12/14 completed, 2 remaining
   Next task: **Perform load testing and optimization**: Use k6 to simulat...
рҹ“Қ Iteration 219 at Thu Mar 12 09:53:13 PM EDT 2026...
вң“ Progress: Git commit found
рҹ“Ҡ Task attempt 2: Progress detected, continuing...
рҹ“ҡ Loading context from previous iteration attempts...
рҹӨ– OpenCode processing: **Perform load testing and optimization**: Use k6 to simulate 100+ concurrent users. Profile scheduler performance, add database indexing, implement pagination on task lists, and tune Redis caching. Record results.
[0m
> build В· stepfun/step-3.5-flash:free
[0m
[91m[1mError: [0mUser not found.
рҹ“қ Log saved: logs/iteration-219.md
рҹ“Ҡ Token Usage: 2500 / Session: 5000 / 64000
вң… Changes committed
To https://github.com/Julien-ser/tact-ai.git
   0b8b114..6b03686  main -> main
вң… Pushed to GitHub
рҹ“Ҡ Updated Tasks: 12/14 completed, 2 remaining
   Next task: **Perform load testing and optimization**: Use k6 to simulat...
рҹ“Қ Iteration 220 at Thu Mar 12 09:53:19 PM EDT 2026...
вң“ Progress: Git commit found
рҹ“Ҡ Task attempt 3: Progress detected, continuing...
рҹ“ҡ Loading context from previous iteration attempts...
рҹӨ– OpenCode processing: **Perform load testing and optimization**: Use k6 to simulate 100+ concurrent users. Profile scheduler performance, add database indexing, implement pagination on task lists, and tune Redis caching. Record results.
[0m
> build В· stepfun/step-3.5-flash:free
[0m
[91m[1mError: [0mUser not found.
рҹ“қ Log saved: logs/iteration-220.md
рҹ“Ҡ Token Usage: 2500 / Session: 7500 / 64000
вң… Changes committed
To https://github.com/Julien-ser/tact-ai.git
   6b03686..b4f7838  main -> main
вң… Pushed to GitHub
рҹ“Ҡ Updated Tasks: 12/14 completed, 2 remaining
   Next task: **Perform load testing and optimization**: Use k6 to simulat...
рҹ“Қ Iteration 221 at Thu Mar 12 09:53:24 PM EDT 2026...
вң“ Progress: Git commit found
рҹ“Ҡ Task attempt 4: Progress detected, continuing...
рҹ“ҡ Loading context from previous iteration attempts...
рҹӨ– OpenCode processing: **Perform load testing and optimization**: Use k6 to simulate 100+ concurrent users. Profile scheduler performance, add database indexing, implement pagination on task lists, and tune Redis caching. Record results.
[0m
> build В· stepfun/step-3.5-flash:free
[0m
[91m[1mError: [0mUser not found.
рҹ“қ Log saved: logs/iteration-221.md
рҹ“Ҡ Token Usage: 2500 / Session: 10000 / 64000
вң… Changes committed
To https://github.com/Julien-ser/tact-ai.git
   b4f7838..80adb9d  main -> main
вң… Pushed to GitHub
рҹ“Ҡ Updated Tasks: 12/14 completed, 2 remaining
   Next task: **Perform load testing and optimization**: Use k6 to simulat...
рҹ“Қ Iteration 222 at Thu Mar 12 09:53:30 PM EDT 2026...
вң“ Progress: Git commit found
рҹ“Ҡ Task attempt 5: Progress detected, continuing...
рҹ“ҡ Loading context from previous iteration attempts...
рҹӨ– OpenCode processing: **Perform load testing and optimization**: Use k6 to simulate 100+ concurrent users. Profile scheduler performance, add database indexing, implement pagination on task lists, and tune Redis caching. Record results.
[0m
> build В· stepfun/step-3.5-flash:free
[0m
[91m[1mError: [0mUser not found.
рҹ“қ Log saved: logs/iteration-222.md
рҹ“Ҡ Token Usage: 2500 / Session: 12500 / 64000
вң… Changes committed
To https://github.com/Julien-ser/tact-ai.git
   80adb9d..0c59800  main -> main
вң… Pushed to GitHub
рҹ“Ҡ Updated Tasks: 12/14 completed, 2 remaining
   Next task: **Perform load testing and optimization**: Use k6 to simulat...
рҹ“Қ Iteration 223 at Thu Mar 12 09:53:36 PM EDT 2026...
вң“ Progress: Git commit found
рҹ“Ҡ Task attempt 6: Progress detected, continuing...
рҹ“ҡ Loading context from previous iteration attempts...
рҹӨ– OpenCode processing: **Perform load testing and optimization**: Use k6 to simulate 100+ concurrent users. Profile scheduler performance, add database indexing, implement pagination on task lists, and tune Redis caching. Record results.
[0m
> build В· stepfun/step-3.5-flash:free
[0m
[91m[1mError: [0mUser not found.
рҹ“қ Log saved: logs/iteration-223.md
рҹ“Ҡ Token Usage: 2500 / Session: 15000 / 64000
вң… Changes committed
To https://github.com/Julien-ser/tact-ai.git
   0c59800..1ad1985  main -> main
вң… Pushed to GitHub
рҹ“Ҡ Updated Tasks: 12/14 completed, 2 remaining
   Next task: **Perform load testing and optimization**: Use k6 to simulat...
рҹ“Қ Iteration 224 at Thu Mar 12 09:53:41 PM EDT 2026...
вң“ Progress: Git commit found
рҹ“Ҡ Task attempt 7: Progress detected, continuing...
рҹ“ҡ Loading context from previous iteration attempts...
рҹӨ– OpenCode processing: **Perform load testing and optimization**: Use k6 to simulate 100+ concurrent users. Profile scheduler performance, add database indexing, implement pagination on task lists, and tune Redis caching. Record results.
[0m
> build В· stepfun/step-3.5-flash:free
[0m
[91m[1mError: [0mUser not found.
рҹ“қ Log saved: logs/iteration-224.md
рҹ“Ҡ Token Usage: 2500 / Session: 17500 / 64000
