🚀 Starting Wiggum Worker for: tact-ai
📍 Project Path: /home/julien/Desktop/Free-Wiggum-opencode/projects/tact-ai
⏰ Started at: Thu Mar 12 05:49:13 PM EDT 2026
⚡ Token Budget: 64000
━━━━━━━━━━━━━━━━━━━━━━━━━━━━━━━━════

📍 Iteration 36 at Thu Mar 12 05:49:14 PM EDT 2026...
🤖 OpenCode processing: **Implement AI scheduling engine**: Use ortools CP-SAT to generate daily/weekly schedules respecting deadlines, dependencies, priorities, and working hours. Output JSON with start/end timestamps. Add benchmark script.
[0m
> build · stepfun/step-3.5-flash:free
[0m
[0m→ [0mRead TASKS.md
I'll implement the AI scheduling engine using ortools CP-SAT. Let me start by exploring the existing codebase structure to understand the data models and current implementation.
[0m→ [0mRead README.md
[0m✱ [0mGlob "**/*.py"[90m 24 matches[0m
[0m→ [0mRead backend/models/task.py
[0m→ [0mRead backend/models/task_chain.py
[0m→ [0mRead backend/models/time_block.py
[0m→ [0mRead backend/scheduler/engine.py
[0m→ [0mRead shared/schemas.py
[0m→ [0mRead backend/scheduler/dependency.py
[0m→ [0mRead backend/models/timeline.py
[0m✗ [0mread failed
[91m[1mError: [0mFile not found: /home/julien/Desktop/Free-Wiggum-opencode/projects/tact-ai/backend/requirements.txt
Let me check the requirements and see if ortools is installed, and also look at any existing tests:
[0m→ [0mRead tests/unit/test_dependency.py
[0m
[0m$ [0mpython3 -c "import ortools; print('ortools available')" 2>&1
Traceback (most recent call last):
  File "<string>", line 1, in <module>
    import ortools; print('ortools available')
    ^^^^^^^^^^^^^^
ModuleNotFoundError: No module named 'ortools'
[0m
[0m✱ [0mGlob "*requirements*.txt"[90m 1 match[0m
[0m✱ [0mGlob "pyproject.toml"[90m 1 match[0m
📝 Log saved: logs/iteration-36.md
📊 Token Usage: 3000 / Session: 3000 / 64000
✅ Changes committed
To https://github.com/Julien-ser/tact-ai.git
   a269b83..09c6e11  main -> main
✅ Pushed to GitHub
📊 Updated Tasks: 6/16 completed, 10 remaining
   Next task: **Implement AI scheduling engine**: Use ortools CP-SAT to ge...
📍 Iteration 37 at Thu Mar 12 05:49:45 PM EDT 2026...
✓ Progress: Git commit found
📊 Task attempt 2: Progress detected, continuing...
📚 Loading context from previous iteration attempts...
🤖 OpenCode processing: **Implement AI scheduling engine**: Use ortools CP-SAT to generate daily/weekly schedules respecting deadlines, dependencies, priorities, and working hours. Output JSON with start/end timestamps. Add benchmark script.
[0m
> build · stepfun/step-3.5-flash:free
[0m
I'll implement the AI scheduling engine using ortools CP-SAT. Let me start by exploring the existing codebase structure.
[0m→ [0mRead TASKS.md
[0m✱ [0mGlob "**/*.py"[90m 24 matches[0m
Let me examine the existing scheduler code and data models to understand the structure:
[0m→ [0mRead backend/scheduler/dependency.py
[0m→ [0mRead backend/models/task.py
[0m→ [0mRead shared/schemas.py
[0m→ [0mRead backend/config.py
[0m✗ [0mread failed
[91m[1mError: [0mFile not found: /home/julien/Desktop/Free-Wiggum-opencode/projects/tact-ai/backend/requirements.txt
Let me check the existing engine.py and project dependencies:
[0m✗ [0mread failed
[91m[1mError: [0mFile not found: /home/julien/Desktop/Free-Wiggum-opencode/projects/tact-ai/backend/pyproject.toml
[0m→ [0mRead backend/scheduler/engine.py
The scheduling engine already exists! Let me check the project dependencies and ensure ortools is included, then create a benchmark script and tests. First, let me find the dependency files:
[0m✱ [0mGlob "**/requirements*.txt"[90m 1 match[0m
[0m✱ [0mGlob "**/pyproject.toml"[90m 1 match[0m
[0m✱ [0mGlob "**/setup.py"[90m 0 matches[0m
[0m→ [0mRead pyproject.toml
[0m→ [0mRead requirements.txt
📝 Log saved: logs/iteration-37.md
📊 Token Usage: 3000 / Session: 6000 / 64000
